#
# There is insufficient memory for the Java Runtime Environment to continue.
# Native memory allocation (mmap) failed to map 130023424 bytes for committing reserved memory.
# Possible reasons:
#   The system is out of physical RAM or swap space
#   The process is running with CompressedOops enabled, and the Java Heap may be blocking the growth of the native heap
# Possible solutions:
#   Reduce memory load on the system
#   Increase physical memory or swap space
#   Check if swap backing store is full
#   Decrease Java heap size (-Xmx/-Xms)
#   Decrease number of Java threads
#   Decrease Java thread stack sizes (-Xss)
#   Set larger code cache with -XX:ReservedCodeCacheSize=
#   JVM is running with Unscaled Compressed Oops mode in which the Java heap is
#     placed in the first 4GB address space. The Java Heap base address is the
#     maximum limit for the native heap growth. Please use -XX:HeapBaseMinAddress
#     to set the Java Heap base and to place the Java Heap above 4GB virtual address.
# This output file may be truncated or incomplete.
#
#  Out of Memory Error (os_linux.cpp:2757), pid=8516, tid=0x00007f438b2de700
#
# JRE version: OpenJDK Runtime Environment (8.0_242-b08) (build 1.8.0_242-8u242-b08-0ubuntu3~16.04-b08)
# Java VM: OpenJDK 64-Bit Server VM (25.242-b08 mixed mode linux-amd64 compressed oops)
# Failed to write core dump. Core dumps have been disabled. To enable core dumping, try "ulimit -c unlimited" before starting Java again
#

---------------  T H R E A D  ---------------

Current thread (0x00007f43bc0f9000):  VMThread [stack: 0x00007f438b1de000,0x00007f438b2df000] [id=8526]

Stack: [0x00007f438b1de000,0x00007f438b2df000],  sp=0x00007f438b2dd450,  free space=1021k
Native frames: (J=compiled Java code, j=interpreted, Vv=VM code, C=native code)
V  [libjvm.so+0xa7ad8b]
V  [libjvm.so+0x4ccbcc]
V  [libjvm.so+0x8c8b87]
V  [libjvm.so+0x8c039c]
V  [libjvm.so+0x59c90c]
V  [libjvm.so+0x59cacc]
V  [libjvm.so+0x59f805]
V  [libjvm.so+0x603766]
V  [libjvm.so+0x6046ed]
V  [libjvm.so+0x604b8a]
V  [libjvm.so+0x577c5a]
V  [libjvm.so+0x58383f]
V  [libjvm.so+0xa82b82]
V  [libjvm.so+0xa81b57]
V  [libjvm.so+0xa7f3b7]
V  [libjvm.so+0xa8069f]
V  [libjvm.so+0xa80bc2]
V  [libjvm.so+0x8c5d82]

VM_Operation (0x00007f4389146fe0): G1IncCollectionPause, mode: safepoint, requested by thread 0x00007f437c35d800


---------------  P R O C E S S  ---------------

Java Threads: ( => current thread )
  0x00007f439002c000 JavaThread "Bundle File Closer" daemon [_thread_blocked, id=8658, stack(0x00007f43684fa000,0x00007f43685fb000)]
  0x00007f438c14b800 JavaThread "Worker-6" [_thread_blocked, id=8652, stack(0x00007f43683f9000,0x00007f43684fa000)]
  0x00007f439002a800 JavaThread "Worker-5: Initialize workspace" [_thread_blocked, id=8651, stack(0x00007f43686fc000,0x00007f43687fd000)]
  0x00007f43a0043800 JavaThread "Worker-4: Building workspace" [_thread_blocked, id=8650, stack(0x00007f43685fb000,0x00007f43686fc000)]
  0x00007f438c117000 JavaThread "process reaper" daemon [_thread_blocked, id=8588, stack(0x00007f438a000000,0x00007f438a039000)]
  0x00007f4398002800 JavaThread "Worker-3" [_thread_blocked, id=8585, stack(0x00007f43689fd000,0x00007f4368afe000)]
  0x00007f43bc456800 JavaThread "pool-1-thread-1" [_thread_in_native, id=8584, stack(0x00007f4368cfe000,0x00007f4368dff000)]
  0x00007f43bc3d2000 JavaThread "pool-2-thread-1" [_thread_blocked, id=8580, stack(0x00007f43880bc000,0x00007f43881bd000)]
  0x00007f438c00b800 JavaThread "Worker-2" [_thread_blocked, id=8571, stack(0x00007f43883f2000,0x00007f43884f3000)]
  0x00007f437c35d800 JavaThread "Java indexing" daemon [_thread_blocked, id=8563, stack(0x00007f4389048000,0x00007f4389149000)]
  0x00007f4390001000 JavaThread "Worker-1: Java indexing... " [_thread_blocked, id=8561, stack(0x00007f438934d000,0x00007f438944e000)]
  0x00007f437c1bd000 JavaThread "Worker-0" [_thread_blocked, id=8559, stack(0x00007f438949e000,0x00007f438959f000)]
  0x00007f437c0bf000 JavaThread "Worker-JM" [_thread_blocked, id=8546, stack(0x00007f43897ce000,0x00007f43898cf000)]
  0x00007f43bc378000 JavaThread "Start Level: Equinox Container: c025c8ec-44a6-4f49-85a9-734e7af29a52" daemon [_thread_blocked, id=8545, stack(0x00007f4389ce6000,0x00007f4389de7000)]
  0x00007f43bc376000 JavaThread "Framework Event Dispatcher: Equinox Container: c025c8ec-44a6-4f49-85a9-734e7af29a52" daemon [_thread_blocked, id=8544, stack(0x00007f4389de7000,0x00007f4389ee8000)]
  0x00007f43bc336800 JavaThread "Active Thread: Equinox Container: c025c8ec-44a6-4f49-85a9-734e7af29a52" [_thread_blocked, id=8543, stack(0x00007f4389ee8000,0x00007f4389fe9000)]
  0x00007f43bc177000 JavaThread "Service Thread" daemon [_thread_blocked, id=8534, stack(0x00007f438a58a000,0x00007f438a68b000)]
  0x00007f43bc142000 JavaThread "C1 CompilerThread1" daemon [_thread_blocked, id=8533, stack(0x00007f438a68b000,0x00007f438a78c000)]
  0x00007f43bc140000 JavaThread "C2 CompilerThread0" daemon [_thread_blocked, id=8532, stack(0x00007f438a78c000,0x00007f438a88d000)]
  0x00007f43bc13d800 JavaThread "Signal Dispatcher" daemon [_thread_blocked, id=8531, stack(0x00007f438a88d000,0x00007f438a98e000)]
  0x00007f43bc13c000 JavaThread "Surrogate Locker Thread (Concurrent GC)" daemon [_thread_blocked, id=8530, stack(0x00007f438a98e000,0x00007f438aa8f000)]
  0x00007f43bc107800 JavaThread "Finalizer" daemon [_thread_blocked, id=8528, stack(0x00007f438afdc000,0x00007f438b0dd000)]
  0x00007f43bc103000 JavaThread "Reference Handler" daemon [_thread_blocked, id=8527, stack(0x00007f438b0dd000,0x00007f438b1de000)]
  0x00007f43bc00b800 JavaThread "main" [_thread_blocked, id=8517, stack(0x00007f43c3b7b000,0x00007f43c3c7c000)]

Other Threads:
=>0x00007f43bc0f9000 VMThread [stack: 0x00007f438b1de000,0x00007f438b2df000] [id=8526]
  0x00007f43bc17a800 WatcherThread [stack: 0x00007f438a489000,0x00007f438a58a000] [id=8535]

VM state:at safepoint (normal execution)

VM Mutex/Monitor currently owned by a thread:  ([mutex/lock_event])
[0x00007f43bc007ee0] Threads_lock - owner thread: 0x00007f43bc0f9000
[0x00007f43bc0083e0] Heap_lock - owner thread: 0x00007f437c35d800

heap address: 0x00000000c0000000, size: 1024 MB, Compressed Oops mode: 32-bit
Narrow klass base: 0x0000000000000000, Narrow klass shift: 3
Compressed class space size: 1073741824 Address: 0x0000000100000000

Heap:
 garbage-first heap   total 253952K, used 46432K [0x00000000c0000000, 0x00000000c01007c0, 0x0000000100000000)
  region size 1024K, 9 young (9216K), 9 survivors (9216K)
 Metaspace       used 38526K, capacity 40892K, committed 40960K, reserved 1085440K
  class space    used 4151K, capacity 4832K, committed 4864K, reserved 1048576K

Heap Regions: (Y=young(eden), SU=young(survivor), HS=humongous(starts), HC=humongous(continues), CS=collection set, F=free, TS=gc time stamp, PTAMS=previous top-at-mark-start, NTAMS=next top-at-mark-start)
AC   0  O    TS     0 PTAMS 0x00000000c0100000 NTAMS 0x00000000c0100000 space 1024K, 100% used [0x00000000c0000000, 0x00000000c0100000)
AC   0  O    TS     0 PTAMS 0x00000000c0200000 NTAMS 0x00000000c0200000 space 1024K, 100% used [0x00000000c0100000, 0x00000000c0200000)
AC   0  O    TS     0 PTAMS 0x00000000c0300000 NTAMS 0x00000000c0300000 space 1024K, 100% used [0x00000000c0200000, 0x00000000c0300000)
AC   0  O    TS     0 PTAMS 0x00000000c0400000 NTAMS 0x00000000c0400000 space 1024K, 100% used [0x00000000c0300000, 0x00000000c0400000)
AC   0  O    TS     0 PTAMS 0x00000000c0500000 NTAMS 0x00000000c0500000 space 1024K, 100% used [0x00000000c0400000, 0x00000000c0500000)
AC   0  O    TS     0 PTAMS 0x00000000c0600000 NTAMS 0x00000000c0600000 space 1024K, 100% used [0x00000000c0500000, 0x00000000c0600000)
AC   0  O    TS     0 PTAMS 0x00000000c0700000 NTAMS 0x00000000c0700000 space 1024K, 100% used [0x00000000c0600000, 0x00000000c0700000)
AC   0  O    TS     0 PTAMS 0x00000000c0800000 NTAMS 0x00000000c0800000 space 1024K, 100% used [0x00000000c0700000, 0x00000000c0800000)
AC   0  O    TS     0 PTAMS 0x00000000c0900000 NTAMS 0x00000000c0900000 space 1024K, 100% used [0x00000000c0800000, 0x00000000c0900000)
AC   0  O    TS     0 PTAMS 0x00000000c0a00000 NTAMS 0x00000000c0a00000 space 1024K, 100% used [0x00000000c0900000, 0x00000000c0a00000)
AC   0  O    TS     0 PTAMS 0x00000000c0b00000 NTAMS 0x00000000c0b00000 space 1024K, 100% used [0x00000000c0a00000, 0x00000000c0b00000)
AC   0  O    TS     0 PTAMS 0x00000000c0c00000 NTAMS 0x00000000c0c00000 space 1024K, 100% used [0x00000000c0b00000, 0x00000000c0c00000)
AC   0 HS    TS     0 PTAMS 0x00000000c0c00000 NTAMS 0x00000000c0c00000 space 1024K,  84% used [0x00000000c0c00000, 0x00000000c0d00000)
AC   0  O    TS     5 PTAMS 0x00000000c0d00000 NTAMS 0x00000000c0d00000 space 1024K, 100% used [0x00000000c0d00000, 0x00000000c0e00000)
AC   0  O    TS     1 PTAMS 0x00000000c0ebfc00 NTAMS 0x00000000c0ebfc00 space 1024K, 100% used [0x00000000c0e00000, 0x00000000c0f00000)
AC   0  F    TS     0 PTAMS 0x00000000c0f00000 NTAMS 0x00000000c0f00000 space 1024K,   0% used [0x00000000c0f00000, 0x00000000c1000000)
AC   0  O    TS     0 PTAMS 0x00000000c1100000 NTAMS 0x00000000c1100000 space 1024K, 100% used [0x00000000c1000000, 0x00000000c1100000)
AC   0  O    TS     0 PTAMS 0x00000000c1200000 NTAMS 0x00000000c1200000 space 1024K, 100% used [0x00000000c1100000, 0x00000000c1200000)
AC   0  O    TS     0 PTAMS 0x00000000c1300000 NTAMS 0x00000000c1300000 space 1024K, 100% used [0x00000000c1200000, 0x00000000c1300000)
AC   0  O    TS     1 PTAMS 0x00000000c1300000 NTAMS 0x00000000c1300000 space 1024K, 100% used [0x00000000c1300000, 0x00000000c1400000)
AC   0  O    TS     1 PTAMS 0x00000000c1400000 NTAMS 0x00000000c1400000 space 1024K, 100% used [0x00000000c1400000, 0x00000000c1500000)
AC   0  O    TS     0 PTAMS 0x00000000c1600000 NTAMS 0x00000000c1600000 space 1024K, 100% used [0x00000000c1500000, 0x00000000c1600000)
AC   0  O    TS     3 PTAMS 0x00000000c1600000 NTAMS 0x00000000c1600000 space 1024K, 100% used [0x00000000c1600000, 0x00000000c1700000)
AC   0  O    TS     3 PTAMS 0x00000000c1700000 NTAMS 0x00000000c1700000 space 1024K, 100% used [0x00000000c1700000, 0x00000000c1800000)
AC   0  O    TS     0 PTAMS 0x00000000c1900000 NTAMS 0x00000000c1900000 space 1024K, 100% used [0x00000000c1800000, 0x00000000c1900000)
AC   0  O    TS     3 PTAMS 0x00000000c1900000 NTAMS 0x00000000c1900000 space 1024K, 100% used [0x00000000c1900000, 0x00000000c1a00000)
AC   0  O    TS     3 PTAMS 0x00000000c1a00000 NTAMS 0x00000000c1a00000 space 1024K, 100% used [0x00000000c1a00000, 0x00000000c1b00000)
AC   0  O    TS     0 PTAMS 0x00000000c1c00000 NTAMS 0x00000000c1c00000 space 1024K, 100% used [0x00000000c1b00000, 0x00000000c1c00000)
AC   0  O    TS     0 PTAMS 0x00000000c1d00000 NTAMS 0x00000000c1d00000 space 1024K, 100% used [0x00000000c1c00000, 0x00000000c1d00000)
AC   0  O    TS     0 PTAMS 0x00000000c1e00000 NTAMS 0x00000000c1e00000 space 1024K, 100% used [0x00000000c1d00000, 0x00000000c1e00000)
AC   0  O    TS     3 PTAMS 0x00000000c1e00000 NTAMS 0x00000000c1e00000 space 1024K, 100% used [0x00000000c1e00000, 0x00000000c1f00000)
AC   0  O    TS     3 PTAMS 0x00000000c1f00000 NTAMS 0x00000000c1f00000 space 1024K, 100% used [0x00000000c1f00000, 0x00000000c2000000)
AC   0  F    TS     0 PTAMS 0x00000000c2000000 NTAMS 0x00000000c2000000 space 1024K,   0% used [0x00000000c2000000, 0x00000000c2100000)
AC   0 HS    TS     0 PTAMS 0x00000000c2180010 NTAMS 0x00000000c2180010 space 1024K,  50% used [0x00000000c2100000, 0x00000000c2200000)
AC   0  O    TS     0 PTAMS 0x00000000c2300000 NTAMS 0x00000000c2300000 space 1024K, 100% used [0x00000000c2200000, 0x00000000c2300000)
AC   0  O    TS     0 PTAMS 0x00000000c2400000 NTAMS 0x00000000c2400000 space 1024K, 100% used [0x00000000c2300000, 0x00000000c2400000)
AC   0  F    TS     0 PTAMS 0x00000000c2400000 NTAMS 0x00000000c2400000 space 1024K,   0% used [0x00000000c2400000, 0x00000000c2500000)
AC   0  O    TS     0 PTAMS 0x00000000c2600000 NTAMS 0x00000000c2600000 space 1024K, 100% used [0x00000000c2500000, 0x00000000c2600000)
AC   0  O    TS     0 PTAMS 0x00000000c2700000 NTAMS 0x00000000c2700000 space 1024K, 100% used [0x00000000c2600000, 0x00000000c2700000)
AC   0  F    TS     0 PTAMS 0x00000000c2700000 NTAMS 0x00000000c2700000 space 1024K,   0% used [0x00000000c2700000, 0x00000000c2800000)
AC   0  F    TS     0 PTAMS 0x00000000c2800000 NTAMS 0x00000000c2800000 space 1024K,   0% used [0x00000000c2800000, 0x00000000c2900000)
AC   0  F    TS     0 PTAMS 0x00000000c2900000 NTAMS 0x00000000c2900000 space 1024K,   0% used [0x00000000c2900000, 0x00000000c2a00000)
AC   0  O    TS     0 PTAMS 0x00000000c2b00000 NTAMS 0x00000000c2b00000 space 1024K, 100% used [0x00000000c2a00000, 0x00000000c2b00000)
AC   0  F    TS     0 PTAMS 0x00000000c2b00000 NTAMS 0x00000000c2b00000 space 1024K,   0% used [0x00000000c2b00000, 0x00000000c2c00000)
AC   0  F    TS     1 PTAMS 0x00000000c2c00000 NTAMS 0x00000000c2c00000 space 1024K,   0% used [0x00000000c2c00000, 0x00000000c2d00000)
AC   0  F    TS     1 PTAMS 0x00000000c2d00000 NTAMS 0x00000000c2d00000 space 1024K,   0% used [0x00000000c2d00000, 0x00000000c2e00000)
AC   0  F    TS     1 PTAMS 0x00000000c2e00000 NTAMS 0x00000000c2e00000 space 1024K,   0% used [0x00000000c2e00000, 0x00000000c2f00000)
AC   0  F    TS     0 PTAMS 0x00000000c2f00000 NTAMS 0x00000000c2f00000 space 1024K,   0% used [0x00000000c2f00000, 0x00000000c3000000)
AC   0  S CS TS     5 PTAMS 0x00000000c3000000 NTAMS 0x00000000c3000000 space 1024K, 100% used [0x00000000c3000000, 0x00000000c3100000)
AC   0  S CS TS     5 PTAMS 0x00000000c3100000 NTAMS 0x00000000c3100000 space 1024K, 100% used [0x00000000c3100000, 0x00000000c3200000)
AC   0  S CS TS     5 PTAMS 0x00000000c3200000 NTAMS 0x00000000c3200000 space 1024K, 100% used [0x00000000c3200000, 0x00000000c3300000)
AC   0  S CS TS     5 PTAMS 0x00000000c3300000 NTAMS 0x00000000c3300000 space 1024K, 100% used [0x00000000c3300000, 0x00000000c3400000)
AC   0  S CS TS     5 PTAMS 0x00000000c3400000 NTAMS 0x00000000c3400000 space 1024K, 100% used [0x00000000c3400000, 0x00000000c3500000)
AC   0  S CS TS     5 PTAMS 0x00000000c3500000 NTAMS 0x00000000c3500000 space 1024K, 100% used [0x00000000c3500000, 0x00000000c3600000)
AC   0  S CS TS     5 PTAMS 0x00000000c3600000 NTAMS 0x00000000c3600000 space 1024K, 100% used [0x00000000c3600000, 0x00000000c3700000)
AC   0  S CS TS     5 PTAMS 0x00000000c3700000 NTAMS 0x00000000c3700000 space 1024K, 100% used [0x00000000c3700000, 0x00000000c3800000)
AC   0  S CS TS     5 PTAMS 0x00000000c3800000 NTAMS 0x00000000c3800000 space 1024K, 100% used [0x00000000c3800000, 0x00000000c3900000)
AC   0  F    TS     0 PTAMS 0x00000000c3900000 NTAMS 0x00000000c3900000 space 1024K,   0% used [0x00000000c3900000, 0x00000000c3a00000)
AC   0  F    TS     0 PTAMS 0x00000000c3a00000 NTAMS 0x00000000c3a00000 space 1024K,   0% used [0x00000000c3a00000, 0x00000000c3b00000)
AC   0  F    TS     0 PTAMS 0x00000000c3b00000 NTAMS 0x00000000c3b00000 space 1024K,   0% used [0x00000000c3b00000, 0x00000000c3c00000)
AC   0  F    TS     3 PTAMS 0x00000000c3c00000 NTAMS 0x00000000c3c00000 space 1024K,   0% used [0x00000000c3c00000, 0x00000000c3d00000)
AC   0  F    TS     0 PTAMS 0x00000000c3d00000 NTAMS 0x00000000c3d00000 space 1024K,   0% used [0x00000000c3d00000, 0x00000000c3e00000)
AC   0  F    TS     3 PTAMS 0x00000000c3e00000 NTAMS 0x00000000c3e00000 space 1024K,   0% used [0x00000000c3e00000, 0x00000000c3f00000)
AC   0  F    TS     3 PTAMS 0x00000000c3f00000 NTAMS 0x00000000c3f00000 space 1024K,   0% used [0x00000000c3f00000, 0x00000000c4000000)
AC   0  F    TS     3 PTAMS 0x00000000c4000000 NTAMS 0x00000000c4000000 space 1024K,   0% used [0x00000000c4000000, 0x00000000c4100000)
AC   0  F    TS     3 PTAMS 0x00000000c4100000 NTAMS 0x00000000c4100000 space 1024K,   0% used [0x00000000c4100000, 0x00000000c4200000)
AC   0  F    TS     3 PTAMS 0x00000000c4200000 NTAMS 0x00000000c4200000 space 1024K,   0% used [0x00000000c4200000, 0x00000000c4300000)
AC   0  F    TS     3 PTAMS 0x00000000c4300000 NTAMS 0x00000000c4300000 space 1024K,   0% used [0x00000000c4300000, 0x00000000c4400000)
AC   0  F    TS     3 PTAMS 0x00000000c4400000 NTAMS 0x00000000c4400000 space 1024K,   0% used [0x00000000c4400000, 0x00000000c4500000)
AC   0  F    TS     3 PTAMS 0x00000000c4500000 NTAMS 0x00000000c4500000 space 1024K,   0% used [0x00000000c4500000, 0x00000000c4600000)
AC   0  F    TS     3 PTAMS 0x00000000c4600000 NTAMS 0x00000000c4600000 space 1024K,   0% used [0x00000000c4600000, 0x00000000c4700000)
AC   0  F    TS     3 PTAMS 0x00000000c4700000 NTAMS 0x00000000c4700000 space 1024K,   0% used [0x00000000c4700000, 0x00000000c4800000)
AC   0  F    TS     3 PTAMS 0x00000000c4800000 NTAMS 0x00000000c4800000 space 1024K,   0% used [0x00000000c4800000, 0x00000000c4900000)
AC   0  F    TS     3 PTAMS 0x00000000c4900000 NTAMS 0x00000000c4900000 space 1024K,   0% used [0x00000000c4900000, 0x00000000c4a00000)
AC   0  F    TS     3 PTAMS 0x00000000c4a00000 NTAMS 0x00000000c4a00000 space 1024K,   0% used [0x00000000c4a00000, 0x00000000c4b00000)
AC   0  F    TS     3 PTAMS 0x00000000c4b00000 NTAMS 0x00000000c4b00000 space 1024K,   0% used [0x00000000c4b00000, 0x00000000c4c00000)
AC   0  F    TS     3 PTAMS 0x00000000c4c00000 NTAMS 0x00000000c4c00000 space 1024K,   0% used [0x00000000c4c00000, 0x00000000c4d00000)
AC   0  F    TS     3 PTAMS 0x00000000c4d00000 NTAMS 0x00000000c4d00000 space 1024K,   0% used [0x00000000c4d00000, 0x00000000c4e00000)
AC   0  F    TS     3 PTAMS 0x00000000c4e00000 NTAMS 0x00000000c4e00000 space 1024K,   0% used [0x00000000c4e00000, 0x00000000c4f00000)
AC   0  F    TS     3 PTAMS 0x00000000c4f00000 NTAMS 0x00000000c4f00000 space 1024K,   0% used [0x00000000c4f00000, 0x00000000c5000000)
AC   0  F    TS     3 PTAMS 0x00000000c5000000 NTAMS 0x00000000c5000000 space 1024K,   0% used [0x00000000c5000000, 0x00000000c5100000)
AC   0  F    TS     3 PTAMS 0x00000000c5100000 NTAMS 0x00000000c5100000 space 1024K,   0% used [0x00000000c5100000, 0x00000000c5200000)
AC   0  F    TS     3 PTAMS 0x00000000c5200000 NTAMS 0x00000000c5200000 space 1024K,   0% used [0x00000000c5200000, 0x00000000c5300000)
AC   0  F    TS     3 PTAMS 0x00000000c5300000 NTAMS 0x00000000c5300000 space 1024K,   0% used [0x00000000c5300000, 0x00000000c5400000)
AC   0  F    TS     3 PTAMS 0x00000000c5400000 NTAMS 0x00000000c5400000 space 1024K,   0% used [0x00000000c5400000, 0x00000000c5500000)
AC   0  F    TS     3 PTAMS 0x00000000c5500000 NTAMS 0x00000000c5500000 space 1024K,   0% used [0x00000000c5500000, 0x00000000c5600000)
AC   0  F    TS     3 PTAMS 0x00000000c5600000 NTAMS 0x00000000c5600000 space 1024K,   0% used [0x00000000c5600000, 0x00000000c5700000)
AC   0  F    TS     3 PTAMS 0x00000000c5700000 NTAMS 0x00000000c5700000 space 1024K,   0% used [0x00000000c5700000, 0x00000000c5800000)
AC   0  F    TS     3 PTAMS 0x00000000c5800000 NTAMS 0x00000000c5800000 space 1024K,   0% used [0x00000000c5800000, 0x00000000c5900000)
AC   0  F    TS     3 PTAMS 0x00000000c5900000 NTAMS 0x00000000c5900000 space 1024K,   0% used [0x00000000c5900000, 0x00000000c5a00000)
AC   0  F    TS     3 PTAMS 0x00000000c5a00000 NTAMS 0x00000000c5a00000 space 1024K,   0% used [0x00000000c5a00000, 0x00000000c5b00000)
AC   0  F    TS     3 PTAMS 0x00000000c5b00000 NTAMS 0x00000000c5b00000 space 1024K,   0% used [0x00000000c5b00000, 0x00000000c5c00000)
AC   0  F    TS     3 PTAMS 0x00000000c5c00000 NTAMS 0x00000000c5c00000 space 1024K,   0% used [0x00000000c5c00000, 0x00000000c5d00000)
AC   0  F    TS     3 PTAMS 0x00000000c5d00000 NTAMS 0x00000000c5d00000 space 1024K,   0% used [0x00000000c5d00000, 0x00000000c5e00000)
AC   0  F    TS     3 PTAMS 0x00000000c5e00000 NTAMS 0x00000000c5e00000 space 1024K,   0% used [0x00000000c5e00000, 0x00000000c5f00000)
AC   0  F    TS     3 PTAMS 0x00000000c5f00000 NTAMS 0x00000000c5f00000 space 1024K,   0% used [0x00000000c5f00000, 0x00000000c6000000)
AC   0  F    TS     3 PTAMS 0x00000000c6000000 NTAMS 0x00000000c6000000 space 1024K,   0% used [0x00000000c6000000, 0x00000000c6100000)
AC   0  F    TS     3 PTAMS 0x00000000c6100000 NTAMS 0x00000000c6100000 space 1024K,   0% used [0x00000000c6100000, 0x00000000c6200000)
AC   0  F    TS     3 PTAMS 0x00000000c6200000 NTAMS 0x00000000c6200000 space 1024K,   0% used [0x00000000c6200000, 0x00000000c6300000)
AC   0  F    TS     3 PTAMS 0x00000000c6300000 NTAMS 0x00000000c6300000 space 1024K,   0% used [0x00000000c6300000, 0x00000000c6400000)
AC   0  F    TS     3 PTAMS 0x00000000c6400000 NTAMS 0x00000000c6400000 space 1024K,   0% used [0x00000000c6400000, 0x00000000c6500000)
AC   0  F    TS     3 PTAMS 0x00000000c6500000 NTAMS 0x00000000c6500000 space 1024K,   0% used [0x00000000c6500000, 0x00000000c6600000)
AC   0  F    TS     3 PTAMS 0x00000000c6600000 NTAMS 0x00000000c6600000 space 1024K,   0% used [0x00000000c6600000, 0x00000000c6700000)
AC   0  F    TS     3 PTAMS 0x00000000c6700000 NTAMS 0x00000000c6700000 space 1024K,   0% used [0x00000000c6700000, 0x00000000c6800000)
AC   0  F    TS     3 PTAMS 0x00000000c6800000 NTAMS 0x00000000c6800000 space 1024K,   0% used [0x00000000c6800000, 0x00000000c6900000)
AC   0  F    TS     3 PTAMS 0x00000000c6900000 NTAMS 0x00000000c6900000 space 1024K,   0% used [0x00000000c6900000, 0x00000000c6a00000)
AC   0  F    TS     3 PTAMS 0x00000000c6a00000 NTAMS 0x00000000c6a00000 space 1024K,   0% used [0x00000000c6a00000, 0x00000000c6b00000)
AC   0  F    TS     3 PTAMS 0x00000000c6b00000 NTAMS 0x00000000c6b00000 space 1024K,   0% used [0x00000000c6b00000, 0x00000000c6c00000)
AC   0  F    TS     3 PTAMS 0x00000000c6c00000 NTAMS 0x00000000c6c00000 space 1024K,   0% used [0x00000000c6c00000, 0x00000000c6d00000)
AC   0  F    TS     3 PTAMS 0x00000000c6d00000 NTAMS 0x00000000c6d00000 space 1024K,   0% used [0x00000000c6d00000, 0x00000000c6e00000)
AC   0  F    TS     3 PTAMS 0x00000000c6e00000 NTAMS 0x00000000c6e00000 space 1024K,   0% used [0x00000000c6e00000, 0x00000000c6f00000)
AC   0  F    TS     3 PTAMS 0x00000000c6f00000 NTAMS 0x00000000c6f00000 space 1024K,   0% used [0x00000000c6f00000, 0x00000000c7000000)
AC   0  F    TS     3 PTAMS 0x00000000c7000000 NTAMS 0x00000000c7000000 space 1024K,   0% used [0x00000000c7000000, 0x00000000c7100000)
AC   0  F    TS     3 PTAMS 0x00000000c7100000 NTAMS 0x00000000c7100000 space 1024K,   0% used [0x00000000c7100000, 0x00000000c7200000)
AC   0  F    TS     3 PTAMS 0x00000000c7200000 NTAMS 0x00000000c7200000 space 1024K,   0% used [0x00000000c7200000, 0x00000000c7300000)
AC   0  F    TS     3 PTAMS 0x00000000c7300000 NTAMS 0x00000000c7300000 space 1024K,   0% used [0x00000000c7300000, 0x00000000c7400000)
AC   0  F    TS     3 PTAMS 0x00000000c7400000 NTAMS 0x00000000c7400000 space 1024K,   0% used [0x00000000c7400000, 0x00000000c7500000)
AC   0  F    TS     3 PTAMS 0x00000000c7500000 NTAMS 0x00000000c7500000 space 1024K,   0% used [0x00000000c7500000, 0x00000000c7600000)
AC   0  F    TS     3 PTAMS 0x00000000c7600000 NTAMS 0x00000000c7600000 space 1024K,   0% used [0x00000000c7600000, 0x00000000c7700000)
AC   0  F    TS     3 PTAMS 0x00000000c7700000 NTAMS 0x00000000c7700000 space 1024K,   0% used [0x00000000c7700000, 0x00000000c7800000)
AC   0  F    TS     3 PTAMS 0x00000000c7800000 NTAMS 0x00000000c7800000 space 1024K,   0% used [0x00000000c7800000, 0x00000000c7900000)
AC   0  F    TS     3 PTAMS 0x00000000c7900000 NTAMS 0x00000000c7900000 space 1024K,   0% used [0x00000000c7900000, 0x00000000c7a00000)
AC   0  F    TS     3 PTAMS 0x00000000c7a00000 NTAMS 0x00000000c7a00000 space 1024K,   0% used [0x00000000c7a00000, 0x00000000c7b00000)
AC   0  F    TS     3 PTAMS 0x00000000c7b00000 NTAMS 0x00000000c7b00000 space 1024K,   0% used [0x00000000c7b00000, 0x00000000c7c00000)

Card table byte_map: [0x00007f43ac4fb000,0x00007f43ac6fb000] byte_map_base: 0x00007f43abefb000

Marking Bits (Prev, Next): (CMBitMap*) 0x00007f43bc038cc8, (CMBitMap*) 0x00007f43bc038d20
 Prev Bits: [0x00007f439f000000, 0x00007f43a0000000)
 Next Bits: [0x00007f439e000000, 0x00007f439f000000)

Polling page: 0x00007f43c3c95000

CodeCache: size=245760Kb used=11758Kb max_used=11793Kb free=234001Kb
 bounds [0x00007f43ad000000, 0x00007f43adba0000, 0x00007f43bc000000]
 total_blobs=4044 nmethods=3514 adapters=443
 compilation: enabled

Compilation events (10 events):
Event: 134,725 Thread 0x00007f43bc140000 nmethod 4034 0x00007f43adb96090 code [0x00007f43adb963e0, 0x00007f43adb990b0]
Event: 134,725 Thread 0x00007f43bc140000 4035       4       org.eclipse.jdt.internal.core.search.indexing.BinaryIndexer::extractArgCount (307 bytes)
Event: 135,770 Thread 0x00007f43bc142000 4039       2       org.eclipse.jdt.internal.compiler.classfmt.MethodInfo::decodeCodeAttribute (147 bytes)
Event: 140,303 Thread 0x00007f43bc142000 nmethod 4039 0x00007f43ad350490 code [0x00007f43ad350660, 0x00007f43ad350b68]
Event: 140,363 Thread 0x00007f43bc140000 nmethod 4035 0x00007f43adb68350 code [0x00007f43adb68620, 0x00007f43adb69738]
Event: 140,407 Thread 0x00007f43bc142000 4040       2       java.util.Collections$UnmodifiableMap$UnmodifiableEntrySet$1::next (5 bytes)
Event: 140,407 Thread 0x00007f43bc140000 4008       4       org.eclipse.jdt.internal.core.search.indexing.BinaryIndexer::extractReferenceFromConstantPool (341 bytes)
Event: 140,512 Thread 0x00007f43bc142000 nmethod 4040 0x00007f43ad572f10 code [0x00007f43ad5730a0, 0x00007f43ad5733d8]
Event: 140,512 Thread 0x00007f43bc142000 4041       2       java.util.Collections$UnmodifiableMap$UnmodifiableEntrySet$UnmodifiableEntry::getValue (10 bytes)
Event: 140,512 Thread 0x00007f43bc142000 nmethod 4041 0x00007f43ad192f10 code [0x00007f43ad193080, 0x00007f43ad193208]

GC Heap History (10 events):
Event: 125,178 GC heap after
Heap after GC invocations=33 (full 0):
 garbage-first heap   total 63488K, used 33186K [0x00000000c0000000, 0x00000000c01001f0, 0x0000000100000000)
  region size 1024K, 1 young (1024K), 1 survivors (1024K)
 Metaspace       used 38395K, capacity 40672K, committed 40960K, reserved 1085440K
  class space    used 4139K, capacity 4824K, committed 4864K, reserved 1048576K
}
Event: 125,198 GC heap before
{Heap before GC invocations=33 (full 0):
 garbage-first heap   total 63488K, used 35234K [0x00000000c0000000, 0x00000000c01001f0, 0x0000000100000000)
  region size 1024K, 3 young (3072K), 1 survivors (1024K)
 Metaspace       used 38398K, capacity 40672K, committed 40960K, reserved 1085440K
  class space    used 4139K, capacity 4824K, committed 4864K, reserved 1048576K
Event: 125,213 GC heap after
Heap after GC invocations=34 (full 0):
 garbage-first heap   total 63488K, used 34800K [0x00000000c0000000, 0x00000000c01001f0, 0x0000000100000000)
  region size 1024K, 1 young (1024K), 1 survivors (1024K)
 Metaspace       used 38398K, capacity 40672K, committed 40960K, reserved 1085440K
  class space    used 4139K, capacity 4824K, committed 4864K, reserved 1048576K
}
Event: 125,664 GC heap before
{Heap before GC invocations=34 (full 0):
 garbage-first heap   total 63488K, used 52208K [0x00000000c0000000, 0x00000000c01001f0, 0x0000000100000000)
  region size 1024K, 18 young (18432K), 1 survivors (1024K)
 Metaspace       used 38408K, capacity 40672K, committed 40960K, reserved 1085440K
  class space    used 4140K, capacity 4824K, committed 4864K, reserved 1048576K
Event: 125,710 GC heap after
Heap after GC invocations=35 (full 0):
 garbage-first heap   total 63488K, used 37119K [0x00000000c0000000, 0x00000000c01001f0, 0x0000000100000000)
  region size 1024K, 3 young (3072K), 3 survivors (3072K)
 Metaspace       used 38408K, capacity 40672K, committed 40960K, reserved 1085440K
  class space    used 4140K, capacity 4824K, committed 4864K, reserved 1048576K
}
Event: 126,444 GC heap before
{Heap before GC invocations=36 (full 0):
 garbage-first heap   total 63488K, used 52479K [0x00000000c0000000, 0x00000000c01001f0, 0x0000000100000000)
  region size 1024K, 18 young (18432K), 3 survivors (3072K)
 Metaspace       used 38426K, capacity 40736K, committed 40960K, reserved 1085440K
  class space    used 4143K, capacity 4824K, committed 4864K, reserved 1048576K
Event: 126,466 GC heap after
Heap after GC invocations=37 (full 0):
 garbage-first heap   total 63488K, used 39388K [0x00000000c0000000, 0x00000000c01001f0, 0x0000000100000000)
  region size 1024K, 3 young (3072K), 3 survivors (3072K)
 Metaspace       used 38426K, capacity 40736K, committed 40960K, reserved 1085440K
  class space    used 4143K, capacity 4824K, committed 4864K, reserved 1048576K
}
Event: 126,478 GC heap before
{Heap before GC invocations=37 (full 0):
 garbage-first heap   total 63488K, used 40412K [0x00000000c0000000, 0x00000000c01001f0, 0x0000000100000000)
  region size 1024K, 4 young (4096K), 3 survivors (3072K)
 Metaspace       used 38426K, capacity 40736K, committed 40960K, reserved 1085440K
  class space    used 4143K, capacity 4824K, committed 4864K, reserved 1048576K
Event: 126,508 GC heap after
Heap after GC invocations=38 (full 0):
 garbage-first heap   total 126976K, used 36352K [0x00000000c0000000, 0x00000000c01003e0, 0x0000000100000000)
  region size 1024K, 1 young (1024K), 1 survivors (1024K)
 Metaspace       used 38426K, capacity 40736K, committed 40960K, reserved 1085440K
  class space    used 4143K, capacity 4824K, committed 4864K, reserved 1048576K
}
Event: 143,741 GC heap before
{Heap before GC invocations=38 (full 0):
 garbage-first heap   total 126976K, used 104800K [0x00000000c0000000, 0x00000000c01003e0, 0x0000000100000000)
  region size 1024K, 67 young (68608K), 1 survivors (1024K)
 Metaspace       used 38526K, capacity 40892K, committed 40960K, reserved 1085440K
  class space    used 4151K, capacity 4832K, committed 4864K, reserved 1048576K

Deoptimization events (10 events):
Event: 118,502 Thread 0x00007f437c1bd000 Uncommon trap: reason=class_check action=maybe_recompile pc=0x00007f43ad979db0 method=org.eclipse.jdt.internal.core.PackageFragment.hashCode()I @ 4
Event: 118,502 Thread 0x00007f437c1bd000 Uncommon trap: reason=class_check action=maybe_recompile pc=0x00007f43ad8922d8 method=java.util.HashMap.removeNode(ILjava/lang/Object;Ljava/lang/Object;ZZ)Ljava/util/HashMap$Node; @ 68
Event: 118,656 Thread 0x00007f437c1bd000 Uncommon trap: reason=bimorphic action=maybe_recompile pc=0x00007f43ad4cf604 method=java.util.Hashtable.addEntry(ILjava/lang/Object;Ljava/lang/Object;I)V @ 38
Event: 118,776 Thread 0x00007f43bc456800 Uncommon trap: reason=unstable_if action=reinterpret pc=0x00007f43ad6e939c method=com.google.gson.stream.JsonReader.nextQuotedValue(C)Ljava/lang/String; @ 81
Event: 120,747 Thread 0x00007f43bc456800 Uncommon trap: reason=class_check action=maybe_recompile pc=0x00007f43ad979db0 method=org.eclipse.jdt.internal.core.PackageFragment.hashCode()I @ 4
Event: 123,226 Thread 0x00007f437c35d800 Uncommon trap: reason=unstable_if action=reinterpret pc=0x00007f43adb22204 method=org.eclipse.jdt.internal.core.search.indexing.BinaryIndexer.extractArgCount([C[C)I @ 172
Event: 123,508 Thread 0x00007f437c35d800 Uncommon trap: reason=unstable_if action=reinterpret pc=0x00007f43adb39cbc method=org.eclipse.jdt.internal.core.search.indexing.BinaryIndexer.decodeParameterTypes([CZ)[[C @ 414
Event: 125,180 Thread 0x00007f437c35d800 Uncommon trap: reason=unstable_if action=reinterpret pc=0x00007f43adb3c13c method=org.eclipse.jdt.internal.core.search.indexing.BinaryIndexer.decodeReturnType([C)[C @ 250
Event: 126,471 Thread 0x00007f439002c000 Uncommon trap: reason=unstable_if action=reinterpret pc=0x00007f43ad975b04 method=java.lang.ThreadLocal.set(Ljava/lang/Object;)V @ 11
Event: 133,510 Thread 0x00007f437c35d800 Uncommon trap: reason=unstable_if action=reinterpret pc=0x00007f43adb84d28 method=org.eclipse.jdt.internal.compiler.classfmt.MethodInfo.decodeLocalVariableAttribute(II)V @ 14

Classes redefined (0 events):
No events

Internal exceptions (10 events):
Event: 114,780 Thread 0x00007f4390001000 Exception <a 'sun/nio/fs/UnixException'> (0x00000000c2c9e098) thrown at [/build/openjdk-8-Wut_v1/openjdk-8-8u242-b08/src/hotspot/src/share/vm/prims/jni.cpp, line 710]
Event: 115,569 Thread 0x00007f4390001000 Exception <a 'sun/nio/fs/UnixException'> (0x00000000c2cb19e0) thrown at [/build/openjdk-8-Wut_v1/openjdk-8-8u242-b08/src/hotspot/src/share/vm/prims/jni.cpp, line 710]
Event: 117,535 Thread 0x00007f4390001000 Exception <a 'sun/nio/fs/UnixException'> (0x00000000c2ae8ee0) thrown at [/build/openjdk-8-Wut_v1/openjdk-8-8u242-b08/src/hotspot/src/share/vm/prims/jni.cpp, line 710]
Event: 118,686 Thread 0x00007f43bc456800 Exception <a 'sun/nio/fs/UnixException'> (0x00000000c27bc590) thrown at [/build/openjdk-8-Wut_v1/openjdk-8-8u242-b08/src/hotspot/src/share/vm/prims/jni.cpp, line 710]
Event: 118,689 Thread 0x00007f43bc456800 Exception <a 'sun/nio/fs/UnixException'> (0x00000000c27d6390) thrown at [/build/openjdk-8-Wut_v1/openjdk-8-8u242-b08/src/hotspot/src/share/vm/prims/jni.cpp, line 710]
Event: 122,284 Thread 0x00007f43bc456800 Exception <a 'java/lang/ArrayIndexOutOfBoundsException': 150> (0x00000000c2647988) thrown at [/build/openjdk-8-Wut_v1/openjdk-8-8u242-b08/src/hotspot/src/share/vm/interpreter/interpreterRuntime.cpp, line 368]
Event: 126,471 Thread 0x00007f439002c000 Implicit null exception at 0x00007f43ad9752fa to 0x00007f43ad975aed
Event: 127,450 Thread 0x00007f43a0043800 Exception <a 'java/io/FileNotFoundException'> (0x00000000c761b6c8) thrown at [/build/openjdk-8-Wut_v1/openjdk-8-8u242-b08/src/hotspot/src/share/vm/prims/jni.cpp, line 710]
Event: 132,701 Thread 0x00007f43a0043800 Exception <a 'java/io/FileNotFoundException'> (0x00000000c6a822d8) thrown at [/build/openjdk-8-Wut_v1/openjdk-8-8u242-b08/src/hotspot/src/share/vm/prims/jni.cpp, line 710]
Event: 132,721 Thread 0x00007f43a0043800 Exception <a 'java/io/FileNotFoundException'> (0x00000000c48005e0) thrown at [/build/openjdk-8-Wut_v1/openjdk-8-8u242-b08/src/hotspot/src/share/vm/prims/jni.cpp, line 710]

Events (10 events):
Event: 140,520 Thread 0x00007f437c35d800 DEOPT UNPACKING pc=0x00007f43ad0470c4 sp=0x00007f43891470e8 mode 0
Event: 140,529 Thread 0x00007f437c35d800 DEOPT PACKING pc=0x00007f43ada4ac4d sp=0x00007f43891471d0
Event: 140,529 Thread 0x00007f437c35d800 DEOPT UNPACKING pc=0x00007f43ad0470c4 sp=0x00007f4389146e88 mode 0
Event: 140,531 Thread 0x00007f437c35d800 DEOPT PACKING pc=0x00007f43ada7fc70 sp=0x00007f43891472d0
Event: 140,531 Thread 0x00007f437c35d800 DEOPT UNPACKING pc=0x00007f43ad0470c4 sp=0x00007f43891470e8 mode 0
Event: 142,016 Thread 0x00007f437c35d800 DEOPT PACKING pc=0x00007f43ada4ac4d sp=0x00007f43891471d0
Event: 142,807 Thread 0x00007f437c35d800 DEOPT UNPACKING pc=0x00007f43ad0470c4 sp=0x00007f4389146e88 mode 0
Event: 143,512 Thread 0x00007f437c35d800 DEOPT PACKING pc=0x00007f43ada7fc70 sp=0x00007f43891472d0
Event: 143,512 Thread 0x00007f437c35d800 DEOPT UNPACKING pc=0x00007f43ad0470c4 sp=0x00007f43891470e8 mode 0
Event: 143,563 Executing VM operation: G1IncCollectionPause


Dynamic libraries:
00400000-00401000 r-xp 00000000 08:02 17960359                           /usr/lib/jvm/java-8-openjdk-amd64/jre/bin/java
00600000-00601000 r--p 00000000 08:02 17960359                           /usr/lib/jvm/java-8-openjdk-amd64/jre/bin/java
00601000-00602000 rw-p 00001000 08:02 17960359                           /usr/lib/jvm/java-8-openjdk-amd64/jre/bin/java
006ac000-010db000 rw-p 00000000 00:00 0                                  [heap]
c0000000-c7c00000 rw-p 00000000 00:00 0 
cf800000-100000000 ---p 00000000 00:00 0 
100000000-1004c0000 rw-p 00000000 00:00 0 
1004c0000-140000000 ---p 00000000 00:00 0 
7f4367ff9000-7f4368139000 rw-p 00000000 00:00 0 
7f4368139000-7f43681f9000 ---p 00000000 00:00 0 
7f43681f9000-7f43683f9000 rw-p 00000000 00:00 0 
7f43683f9000-7f43683fc000 ---p 00000000 00:00 0 
7f43683fc000-7f43684fa000 rw-p 00000000 00:00 0 
7f43684fa000-7f43684fd000 ---p 00000000 00:00 0 
7f43684fd000-7f43685fb000 rw-p 00000000 00:00 0 
7f43685fb000-7f43685fe000 ---p 00000000 00:00 0 
7f43685fe000-7f43686fc000 rw-p 00000000 00:00 0 
7f43686fc000-7f43686ff000 ---p 00000000 00:00 0 
7f43686ff000-7f43689fd000 rw-p 00000000 00:00 0 
7f43689fd000-7f4368a00000 ---p 00000000 00:00 0 
7f4368a00000-7f4368cfe000 rw-p 00000000 00:00 0 
7f4368cfe000-7f4368d01000 ---p 00000000 00:00 0 
7f4368d01000-7f4368fff000 rw-p 00000000 00:00 0 
7f4368fff000-7f436c000000 rw-p 00000000 00:00 0 
7f436c000000-7f436c021000 rw-p 00000000 00:00 0 
7f436c021000-7f4370000000 ---p 00000000 00:00 0 
7f4370000000-7f43723a0000 rw-p 00000000 00:00 0 
7f43723a0000-7f4374000000 ---p 00000000 00:00 0 
7f4374000000-7f4374021000 rw-p 00000000 00:00 0 
7f4374021000-7f4378000000 ---p 00000000 00:00 0 
7f4378000000-7f4378021000 rw-p 00000000 00:00 0 
7f4378021000-7f437c000000 ---p 00000000 00:00 0 
7f437c000000-7f437cb29000 rw-p 00000000 00:00 0 
7f437cb29000-7f4380000000 ---p 00000000 00:00 0 
7f4380000000-7f4380021000 rw-p 00000000 00:00 0 
7f4380021000-7f4384000000 ---p 00000000 00:00 0 
7f4384000000-7f4384096000 rw-p 00000000 00:00 0 
7f4384096000-7f4388000000 ---p 00000000 00:00 0 
7f4388091000-7f4388092000 r--s 00009000 08:02 27928068                   /home/alex/.vscode/extensions/redhat.java-0.46.0/server/plugins/org.eclipse.jdt.apt.pluggable.core_1.2.300.v20181206-1038.jar
7f4388092000-7f438809a000 r--s 00059000 08:02 27928067                   /home/alex/.vscode/extensions/redhat.java-0.46.0/server/plugins/org.eclipse.jdt.apt.core_3.6.400.v20190328-1431.jar
7f438809a000-7f438809e000 r--s 0001a000 08:02 27928041                   /home/alex/.vscode/extensions/redhat.java-0.46.0/server/plugins/org.eclipse.core.filebuffers_3.6.600.v20190519-2344.jar
7f438809e000-7f43880a0000 r--s 0000f000 08:02 27928042                   /home/alex/.vscode/extensions/redhat.java-0.46.0/server/plugins/org.eclipse.core.filesystem_1.7.400.v20190518-1151.jar
7f43880a0000-7f43880a3000 r--s 00019000 08:02 27928061                   /home/alex/.vscode/extensions/redhat.java-0.46.0/server/plugins/org.eclipse.equinox.security_1.3.200.v20190516-1504.jar
7f43880a3000-7f43880a4000 r--s 00017000 08:02 27928045                   /home/alex/.vscode/extensions/redhat.java-0.46.0/server/plugins/org.eclipse.core.net.linux.x86_64_1.2.300.v20181130-0925.jar
7f43880a4000-7f43880a7000 r--s 00010000 08:02 27928044                   /home/alex/.vscode/extensions/redhat.java-0.46.0/server/plugins/org.eclipse.core.net_1.3.500.v20190519-2354.jar
7f43880a7000-7f43880b3000 r--s 0006e000 08:02 27928036                   /home/alex/.vscode/extensions/redhat.java-0.46.0/server/plugins/org.eclipse.buildship.core_3.1.0.v20190501-0830.jar
7f43880b3000-7f43880b9000 r--s 0003a000 08:02 27928027                   /home/alex/.vscode/extensions/redhat.java-0.46.0/server/plugins/com.google.gson_2.7.0.v20170129-0911.jar
7f43880b9000-7f43880bc000 r--s 0001b000 08:02 27928080                   /home/alex/.vscode/extensions/redhat.java-0.46.0/server/plugins/org.eclipse.lsp4j.jsonrpc_0.6.0.v20181130-0903.jar
7f43880bc000-7f43880bf000 ---p 00000000 00:00 0 
7f43880bf000-7f43881bd000 rw-p 00000000 00:00 0 
7f43881bd000-7f43881c5000 r--s 0005a000 08:02 27928050                   /home/alex/.vscode/extensions/redhat.java-0.46.0/server/plugins/org.eclipse.debug.core_3.13.300.v20190514-0832.jar
7f43881c5000-7f43881cb000 r--s 00081000 08:02 27928076                   /home/alex/.vscode/extensions/redhat.java-0.46.0/server/plugins/org.eclipse.jdt.launching_3.14.0.v20190508-0531.jar
7f43881cb000-7f43881d5000 r--s 00076000 08:02 27928079                   /home/alex/.vscode/extensions/redhat.java-0.46.0/server/plugins/org.eclipse.lsp4j_0.6.0.v20181130-0903.jar
7f43881d5000-7f43881da000 r--s 0004c000 08:02 27928033                   /home/alex/.vscode/extensions/redhat.java-0.46.0/server/plugins/org.apache.commons.lang3_3.1.0.v201403281430.jar
7f43881da000-7f43881df000 r--s 002f9000 08:02 17961050                   /usr/lib/jvm/java-8-openjdk-amd64/jre/lib/charsets.jar
7f43881df000-7f43883df000 rw-p 00000000 00:00 0 
7f43883df000-7f43883f2000 r--s 00346000 08:02 17961052                   /usr/lib/jvm/java-8-openjdk-amd64/jre/lib/resources.jar
7f43883f2000-7f43883f5000 ---p 00000000 00:00 0 
7f43883f5000-7f43884f3000 rw-p 00000000 00:00 0 
7f43884f3000-7f43884f8000 r--s 00041000 08:02 27928094                   /home/alex/.vscode/extensions/redhat.java-0.46.0/server/plugins/org.eclipse.text_3.8.200.v20190519-2344.jar
7f43884f8000-7f43886f8000 rw-p 00000000 00:00 0 
7f43886f8000-7f4388728000 r--s 0025e000 08:02 27928028                   /home/alex/.vscode/extensions/redhat.java-0.46.0/server/plugins/com.google.guava_21.0.0.v20170206-1425.jar
7f4388728000-7f4388928000 rw-p 00000000 00:00 0 
7f4388928000-7f4388930000 r--s 00058000 08:02 28311642                   /home/alex/.vscode/extensions/redhat.java-0.46.0/server/config_linux/org.eclipse.osgi/51/0/.cp/velocity-1.5.jar
7f4388930000-7f4388931000 r--s 00001000 08:02 28311641                   /home/alex/.vscode/extensions/redhat.java-0.46.0/server/config_linux/org.eclipse.osgi/51/0/.cp/plexus-velocity-1.1.8.jar
7f4388931000-7f4388933000 r--s 0000e000 08:02 28311640                   /home/alex/.vscode/extensions/redhat.java-0.46.0/server/config_linux/org.eclipse.osgi/51/0/.cp/oro-2.0.8.jar
7f4388933000-7f4388936000 r--s 00023000 08:02 28311639                   /home/alex/.vscode/extensions/redhat.java-0.46.0/server/config_linux/org.eclipse.osgi/51/0/.cp/jdom-1.0.jar
7f4388936000-7f4388938000 r--s 00005000 08:02 28311638                   /home/alex/.vscode/extensions/redhat.java-0.46.0/server/config_linux/org.eclipse.osgi/51/0/.cp/jchardet-1.0.jar
7f4388938000-7f438893d000 r--s 00048000 08:02 28311637                   /home/alex/.vscode/extensions/redhat.java-0.46.0/server/config_linux/org.eclipse.osgi/51/0/.cp/dom4j-1.6.1.jar
7f438893d000-7f4388941000 r--s 0002f000 08:02 28311636                   /home/alex/.vscode/extensions/redhat.java-0.46.0/server/config_linux/org.eclipse.osgi/51/0/.cp/commons-lang-2.1.jar
7f4388941000-7f4388945000 r--s 00027000 08:02 28311635                   /home/alex/.vscode/extensions/redhat.java-0.46.0/server/config_linux/org.eclipse.osgi/51/0/.cp/commons-io-2.2.jar
7f4388945000-7f4388952000 r--s 00083000 08:02 28311634                   /home/alex/.vscode/extensions/redhat.java-0.46.0/server/config_linux/org.eclipse.osgi/51/0/.cp/commons-collections-3.2.2.jar
7f4388952000-7f4388954000 r--s 00006000 08:02 28311633                   /home/alex/.vscode/extensions/redhat.java-0.46.0/server/config_linux/org.eclipse.osgi/51/0/.cp/maven-invoker-2.1.1.jar
7f4388954000-7f4388956000 r--s 00003000 08:02 28311632                   /home/alex/.vscode/extensions/redhat.java-0.46.0/server/config_linux/org.eclipse.osgi/51/0/.cp/archetype-registry-2.4.jar
7f4388956000-7f4388957000 r--s 00005000 08:02 28311631                   /home/alex/.vscode/extensions/redhat.java-0.46.0/server/config_linux/org.eclipse.osgi/51/0/.cp/archetype-descriptor-2.4.jar
7f4388957000-7f4388958000 r--s 00004000 08:02 28311630                   /home/alex/.vscode/extensions/redhat.java-0.46.0/server/config_linux/org.eclipse.osgi/51/0/.cp/archetype-catalog-2.4.jar
7f4388958000-7f438895c000 r--s 00027000 08:02 28311629                   /home/alex/.vscode/extensions/redhat.java-0.46.0/server/config_linux/org.eclipse.osgi/51/0/.cp/archetype-common-2.4.jar
7f438895c000-7f438895e000 r--s 001e7000 08:02 27928082                   /home/alex/.vscode/extensions/redhat.java-0.46.0/server/plugins/org.eclipse.m2e.archetype.common_1.12.0.20190529-1915.jar
7f438895e000-7f4388960000 r--s 00005000 08:02 28311625                   /home/alex/.vscode/extensions/redhat.java-0.46.0/server/config_linux/org.eclipse.osgi/55/0/.cp/indexer-artifact-3.1.0.jar
7f4388960000-7f4388965000 r--s 0002c000 08:02 28311624                   /home/alex/.vscode/extensions/redhat.java-0.46.0/server/config_linux/org.eclipse.osgi/55/0/.cp/indexer-core-3.1.0.jar
7f4388965000-7f4388968000 r--s 00014000 08:02 28311623                   /home/alex/.vscode/extensions/redhat.java-0.46.0/server/config_linux/org.eclipse.osgi/55/0/.cp/lucene-highlighter-2.4.1.jar
7f4388968000-7f4388976000 r--s 000bb000 08:02 28311622                   /home/alex/.vscode/extensions/redhat.java-0.46.0/server/config_linux/org.eclipse.osgi/55/0/.cp/lucene-core-2.4.1.jar
7f4388976000-7f4388979000 r--s 00112000 08:02 27928086                   /home/alex/.vscode/extensions/redhat.java-0.46.0/server/plugins/org.eclipse.m2e.maven.indexer_1.12.0.20190529-1915.jar
7f4388979000-7f4388b79000 rw-p 00000000 00:00 0 
7f4388b79000-7f4388d79000 rw-p 00000000 00:00 0 
7f4388d79000-7f4388d7b000 r--s 00003000 08:02 27928030                   /home/alex/.vscode/extensions/redhat.java-0.46.0/server/plugins/javax.inject_1.0.0.v20091030.jar
7f4388d7b000-7f4388d7f000 r--s 00023000 08:02 28311618                   /home/alex/.vscode/extensions/redhat.java-0.46.0/server/config_linux/org.eclipse.osgi/56/0/.cp/jars/maven-resolver-util-1.3.3.jar
7f4388d7f000-7f4388d82000 r--s 0002b000 08:02 28311617                   /home/alex/.vscode/extensions/redhat.java-0.46.0/server/config_linux/org.eclipse.osgi/56/0/.cp/jars/maven-model-3.6.1.jar
7f4388d82000-7f4388d84000 r--s 0000b000 08:02 28311616                   /home/alex/.vscode/extensions/redhat.java-0.46.0/server/config_linux/org.eclipse.osgi/56/0/.cp/jars/plexus-classworlds-2.6.0.jar
7f4388d84000-7f4388d87000 r--s 00026000 08:02 28311615                   /home/alex/.vscode/extensions/redhat.java-0.46.0/server/config_linux/org.eclipse.osgi/56/0/.cp/jars/maven-shared-utils-3.2.1.jar
7f4388d87000-7f4388d8d000 r--s 00041000 08:02 28311614                   /home/alex/.vscode/extensions/redhat.java-0.46.0/server/config_linux/org.eclipse.osgi/56/0/.cp/jars/maven-compat-3.6.1.jar
7f4388d8d000-7f4388d90000 r--s 00016000 08:02 28311613                   /home/alex/.vscode/extensions/redhat.java-0.46.0/server/config_linux/org.eclipse.osgi/56/0/.cp/jars/maven-embedder-3.6.1.jar
7f4388d90000-7f4388d9b000 r--s 00075000 08:02 28311612                   /home/alex/.vscode/extensions/redhat.java-0.46.0/server/config_linux/org.eclipse.osgi/56/0/.cp/jars/guice-4.2.1-no_aop.jar
7f4388d9b000-7f4388da0000 r--s 00020000 08:02 28311611                   /home/alex/.vscode/extensions/redhat.java-0.46.0/server/config_linux/org.eclipse.osgi/56/0/.cp/jars/maven-resolver-api-1.3.3.jar
7f4388da0000-7f4388da1000 r--s 0000a000 08:02 28311610                   /home/alex/.vscode/extensions/redhat.java-0.46.0/server/config_linux/org.eclipse.osgi/56/0/.cp/jars/maven-settings-3.6.1.jar
7f4388da1000-7f4388da5000 r--s 00042000 08:02 28311609                   /home/alex/.vscode/extensions/redhat.java-0.46.0/server/config_linux/org.eclipse.osgi/56/0/.cp/jars/jansi-1.17.1.jar
7f4388da5000-7f4388da7000 r--s 00009000 08:02 28311608                   /home/alex/.vscode/extensions/redhat.java-0.46.0/server/config_linux/org.eclipse.osgi/56/0/.cp/jars/maven-resolver-connector-basic-1.3.3.jar
7f4388da7000-7f4388daa000 r--s 00012000 08:02 28311607                   /home/alex/.vscode/extensions/redhat.java-0.46.0/server/config_linux/org.eclipse.osgi/56/0/.cp/jars/plexus-interpolation-1.25.jar
7f4388daa000-7f4388dac000 r--s 00009000 08:02 28311606                   /home/alex/.vscode/extensions/redhat.java-0.46.0/server/config_linux/org.eclipse.osgi/56/0/.cp/jars/maven-settings-builder-3.6.1.jar
7f4388dac000-7f4388dad000 r--s 00001000 08:02 28311605                   /home/alex/.vscode/extensions/redhat.java-0.46.0/server/config_linux/org.eclipse.osgi/56/0/.cp/jars/jsr250-api-1.0.jar
7f4388dad000-7f4388ddd000 r--s 00249000 08:02 28311604                   /home/alex/.vscode/extensions/redhat.java-0.46.0/server/config_linux/org.eclipse.osgi/56/0/.cp/jars/guava-25.1-android.jar
7f4388ddd000-7f4388de5000 r--s 00073000 08:02 28311603                   /home/alex/.vscode/extensions/redhat.java-0.46.0/server/config_linux/org.eclipse.osgi/56/0/.cp/jars/commons-lang3-3.8.1.jar
7f4388de5000-7f4388de7000 r--s 0000a000 08:02 28311602                   /home/alex/.vscode/extensions/redhat.java-0.46.0/server/config_linux/org.eclipse.osgi/56/0/.cp/jars/maven-plugin-api-3.6.1.jar
7f4388de7000-7f4388de8000 r--s 00002000 08:02 28311601                   /home/alex/.vscode/extensions/redhat.java-0.46.0/server/config_linux/org.eclipse.osgi/56/0/.cp/jars/wagon-file-3.3.2.jar
7f4388de8000-7f4388df5000 r--s 0008e000 08:02 28311600                   /home/alex/.vscode/extensions/redhat.java-0.46.0/server/config_linux/org.eclipse.osgi/56/0/.cp/jars/maven-core-3.6.1.jar
7f4388df5000-7f4388df7000 r--s 00000000 08:02 28311599                   /home/alex/.vscode/extensions/redhat.java-0.46.0/server/config_linux/org.eclipse.osgi/56/0/.cp/jars/plexus-component-annotations-1.7.1.jar
7f4388df7000-7f4388df9000 r--s 00002000 08:02 28311598                   /home/alex/.vscode/extensions/redhat.java-0.46.0/server/config_linux/org.eclipse.osgi/56/0/.cp/jars/error_prone_annotations-2.1.3.jar
7f4388df9000-7f4388dfa000 r--s 00006000 08:02 28311597                   /home/alex/.vscode/extensions/redhat.java-0.46.0/server/config_linux/org.eclipse.osgi/56/0/.cp/jars/maven-repository-metadata-3.6.1.jar
7f4388dfa000-7f4388dfb000 r--s 00003000 08:02 28311596                   /home/alex/.vscode/extensions/redhat.java-0.46.0/server/config_linux/org.eclipse.osgi/56/0/.cp/jars/maven-builder-support-3.6.1.jar
7f4388dfb000-7f4388dfe000 r--s 00008000 08:02 28311595                   /home/alex/.vscode/extensions/redhat.java-0.46.0/server/config_linux/org.eclipse.osgi/56/0/.cp/jars/cdi-api-1.0.jar
7f4388dfe000-7f4388e04000 r--s 0002d000 08:02 28311594                   /home/alex/.vscode/extensions/redhat.java-0.46.0/server/config_linux/org.eclipse.osgi/56/0/.cp/jars/org.eclipse.sisu.plexus-0.3.3.jar
7f4388e04000-7f4388e07000 r--s 0000c000 08:02 28311593                   /home/alex/.vscode/extensions/redhat.java-0.46.0/server/config_linux/org.eclipse.osgi/56/0/.cp/jars/maven-artifact-3.6.1.jar
7f4388e07000-7f4388e09000 r--s 00006000 08:02 28311592                   /home/alex/.vscode/extensions/redhat.java-0.46.0/server/config_linux/org.eclipse.osgi/56/0/.cp/jars/maven-resolver-transport-wagon-1.3.3.jar
7f4388e09000-7f4388e0e000 r--s 00027000 08:02 28311591                   /home/alex/.vscode/extensions/redhat.java-0.46.0/server/config_linux/org.eclipse.osgi/56/0/.cp/jars/maven-model-builder-3.6.1.jar
7f4388e0e000-7f4388e13000 r--s 00063000 08:02 28311590                   /home/alex/.vscode/extensions/redhat.java-0.46.0/server/config_linux/org.eclipse.osgi/56/0/.cp/jars/okhttp-3.14.1.jar
7f4388e13000-7f4388e17000 r--s 00029000 08:02 28311589                   /home/alex/.vscode/extensions/redhat.java-0.46.0/server/config_linux/org.eclipse.osgi/56/0/.cp/jars/maven-resolver-impl-1.3.3.jar
7f4388e17000-7f4388e1b000 r--s 0003d000 08:02 28311588                   /home/alex/.vscode/extensions/redhat.java-0.46.0/server/config_linux/org.eclipse.osgi/56/0/.cp/jars/plexus-utils-3.2.0.jar
7f4388e1b000-7f4388e1d000 r--s 00007000 08:02 28311587                   /home/alex/.vscode/extensions/redhat.java-0.46.0/server/config_linux/org.eclipse.osgi/56/0/.cp/jars/maven-resolver-spi-1.3.3.jar
7f4388e1d000-7f4388e1f000 r--s 0000f000 08:02 28311586                   /home/alex/.vscode/extensions/redhat.java-0.46.0/server/config_linux/org.eclipse.osgi/56/0/.cp/jars/maven-resolver-provider-3.6.1.jar
7f4388e1f000-7f4388e20000 r--s 00000000 08:02 28311585                   /home/alex/.vscode/extensions/redhat.java-0.46.0/server/config_linux/org.eclipse.osgi/56/0/.cp/jars/animal-sniffer-annotations-1.14.jar
7f4388e20000-7f4388e22000 r--s 00001000 08:02 28311584                   /home/alex/.vscode/extensions/redhat.java-0.46.0/server/config_linux/org.eclipse.osgi/56/0/.cp/jars/j2objc-annotations-1.1.jar
7f4388e22000-7f4388e24000 r--s 00002000 08:02 28311583                   /home/alex/.vscode/extensions/redhat.java-0.46.0/server/config_linux/org.eclipse.osgi/56/0/.cp/jars/plexus-cipher-1.7.jar
7f4388e24000-7f4388e2b000 r--s 00056000 08:02 28311581                   /home/alex/.vscode/extensions/redhat.java-0.46.0/server/config_linux/org.eclipse.osgi/56/0/.cp/jars/org.eclipse.sisu.inject-0.3.3.jar
7f4388e2b000-7f4388e2d000 r--s 00015000 08:02 28311580                   /home/alex/.vscode/extensions/redhat.java-0.46.0/server/config_linux/org.eclipse.osgi/56/0/.cp/jars/okio-1.17.3.jar
7f4388e2d000-7f4388e2f000 r--s 00001000 08:02 28311579                   /home/alex/.vscode/extensions/redhat.java-0.46.0/server/config_linux/org.eclipse.osgi/56/0/.cp/jars/plexus-build-api-0.0.7.jar
7f4388e2f000-7f4388e31000 r--s 0000b000 08:02 28311578                   /home/alex/.vscode/extensions/redhat.java-0.46.0/server/config_linux/org.eclipse.osgi/56/0/.cp/jars/aether-connector-okhttp-0.17.6.jar
7f4388e31000-7f4388e33000 r--s 0000c000 08:02 28311577                   /home/alex/.vscode/extensions/redhat.java-0.46.0/server/config_linux/org.eclipse.osgi/56/0/.cp/jars/wagon-provider-api-3.3.2.jar
7f4388e33000-7f4388e35000 r--s 0000c000 08:02 28311576                   /home/alex/.vscode/extensions/redhat.java-0.46.0/server/config_linux/org.eclipse.osgi/56/0/.cp/jars/commons-cli-1.4.jar
7f4388e35000-7f4388e39000 r--s 0002f000 08:02 28311575                   /home/alex/.vscode/extensions/redhat.java-0.46.0/server/config_linux/org.eclipse.osgi/56/0/.cp/jars/commons-io-2.5.jar
7f4388e39000-7f4388e3b000 r--s 0072c000 08:02 27928087                   /home/alex/.vscode/extensions/redhat.java-0.46.0/server/plugins/org.eclipse.m2e.maven.runtime_1.12.0.20190529-1915.jar
7f4388e3b000-7f438903b000 rw-p 00000000 00:00 0 
7f438903d000-7f4389048000 r--s 0008d000 08:02 27928083                   /home/alex/.vscode/extensions/redhat.java-0.46.0/server/plugins/org.eclipse.m2e.core_1.12.0.20190529-1916.jar
7f4389048000-7f438904b000 ---p 00000000 00:00 0 
7f438904b000-7f4389149000 rw-p 00000000 00:00 0 
7f4389149000-7f438914d000 r--s 00032000 08:02 27928069                   /home/alex/.vscode/extensions/redhat.java-0.46.0/server/plugins/org.eclipse.jdt.compiler.apt_1.3.600.v20190402-0634.jar
7f438914d000-7f438934d000 rw-p 00000000 00:00 0 
7f438934d000-7f4389350000 ---p 00000000 00:00 0 
7f4389350000-7f438944e000 rw-p 00000000 00:00 0 
7f438944e000-7f438948b000 r--s 0066a000 08:02 27928071                   /home/alex/.vscode/extensions/redhat.java-0.46.0/server/plugins/org.eclipse.jdt.core_3.18.0.v20190522-0428.jar
7f438948b000-7f4389490000 r--s 0001b000 08:02 28311555                   /home/alex/.vscode/extensions/redhat.java-0.46.0/server/config_linux/org.eclipse.osgi/40/0/.cp/lib/java10api.jar
7f4389490000-7f4389492000 r--s 00031000 08:02 27928070                   /home/alex/.vscode/extensions/redhat.java-0.46.0/server/plugins/org.eclipse.jdt.compiler.tool_1.2.600.v20190322-0450.jar
7f4389492000-7f438949e000 r--s 000be000 08:02 27928072                   /home/alex/.vscode/extensions/redhat.java-0.46.0/server/plugins/org.eclipse.jdt.core.manipulation_1.11.200.v20190520-0718.jar
7f438949e000-7f43894a1000 ---p 00000000 00:00 0 
7f43894a1000-7f438959f000 rw-p 00000000 00:00 0 
7f438959f000-7f43895aa000 r--s 000d0000 08:02 27928047                   /home/alex/.vscode/extensions/redhat.java-0.46.0/server/plugins/org.eclipse.core.resources_3.13.400.v20190505-1655.jar
7f43895aa000-7f43895ac000 r--s 0000e000 08:02 28311566                   /home/alex/.vscode/extensions/redhat.java-0.46.0/server/config_linux/org.eclipse.osgi/47/0/.cp/lib/remark-1.0.0.jar
7f43895ac000-7f43895b2000 r--s 00048000 08:02 28311565                   /home/alex/.vscode/extensions/redhat.java-0.46.0/server/config_linux/org.eclipse.osgi/47/0/.cp/lib/jsoup-1.9.2.jar
7f43895b2000-7f43895cc000 r--s 00207000 08:02 27928078                   /home/alex/.vscode/extensions/redhat.java-0.46.0/server/plugins/org.eclipse.jdt.ls.core_0.40.0.201906051852.jar
7f43895cc000-7f43897cc000 rw-p 00000000 00:00 0 
7f43897cc000-7f43897ce000 r--s 00014000 08:02 27928051                   /home/alex/.vscode/extensions/redhat.java-0.46.0/server/plugins/org.eclipse.equinox.app_1.4.200.v20190516-1504.jar
7f43897ce000-7f43897d1000 ---p 00000000 00:00 0 
7f43897d1000-7f43898cf000 rw-p 00000000 00:00 0 
7f43898cf000-7f43898d2000 r--s 00018000 08:02 27928043                   /home/alex/.vscode/extensions/redhat.java-0.46.0/server/plugins/org.eclipse.core.jobs_3.10.400.v20190506-1457.jar
7f43898d2000-7f43898d5000 r--s 0001e000 08:02 27928059                   /home/alex/.vscode/extensions/redhat.java-0.46.0/server/plugins/org.eclipse.equinox.preferences_3.7.400.v20190516-1504.jar
7f43898d5000-7f4389ad5000 rw-p 00000000 00:00 0 
7f4389ad5000-7f4389ae5000 r-xp 00000000 08:02 27928106                   /home/alex/.vscode/extensions/redhat.java-0.46.0/server/config_linux/org.eclipse.equinox.launcher/org.eclipse.equinox.launcher.gtk.linux.x86_64_1.1.1000.v20190125-2016/eclipse_1801.so
7f4389ae5000-7f4389ce4000 ---p 00010000 08:02 27928106                   /home/alex/.vscode/extensions/redhat.java-0.46.0/server/config_linux/org.eclipse.equinox.launcher/org.eclipse.equinox.launcher.gtk.linux.x86_64_1.1.1000.v20190125-2016/eclipse_1801.so
7f4389ce4000-7f4389ce5000 r--p 0000f000 08:02 27928106                   /home/alex/.vscode/extensions/redhat.java-0.46.0/server/config_linux/org.eclipse.equinox.launcher/org.eclipse.equinox.launcher.gtk.linux.x86_64_1.1.1000.v20190125-2016/eclipse_1801.so
7f4389ce5000-7f4389ce6000 rw-p 00010000 08:02 27928106                   /home/alex/.vscode/extensions/redhat.java-0.46.0/server/config_linux/org.eclipse.equinox.launcher/org.eclipse.equinox.launcher.gtk.linux.x86_64_1.1.1000.v20190125-2016/eclipse_1801.so
7f4389ce6000-7f4389ce9000 ---p 00000000 00:00 0 
7f4389ce9000-7f4389de7000 rw-p 00000000 00:00 0 
7f4389de7000-7f4389dea000 ---p 00000000 00:00 0 
7f4389dea000-7f4389ee8000 rw-p 00000000 00:00 0 
7f4389ee8000-7f4389eeb000 ---p 00000000 00:00 0 
7f4389eeb000-7f4389fe9000 rw-p 00000000 00:00 0 
7f4389fe9000-7f438a000000 r--s 0014c000 08:02 27928090                   /home/alex/.vscode/extensions/redhat.java-0.46.0/server/plugins/org.eclipse.osgi_3.14.0.v20190517-1309.jar
7f438a000000-7f438a003000 ---p 00000000 00:00 0 
7f438a003000-7f438a039000 rw-p 00000000 00:00 0 
7f438a039000-7f438a05e000 r--p 00000000 08:02 19533386                   /usr/share/locale-langpack/es/LC_MESSAGES/libc.mo
7f438a05e000-7f438a075000 r-xp 00000000 08:02 17960663                   /usr/lib/jvm/java-8-openjdk-amd64/jre/lib/amd64/libnet.so
7f438a075000-7f438a274000 ---p 00017000 08:02 17960663                   /usr/lib/jvm/java-8-openjdk-amd64/jre/lib/amd64/libnet.so
7f438a274000-7f438a275000 r--p 00016000 08:02 17960663                   /usr/lib/jvm/java-8-openjdk-amd64/jre/lib/amd64/libnet.so
7f438a275000-7f438a276000 rw-p 00017000 08:02 17960663                   /usr/lib/jvm/java-8-openjdk-amd64/jre/lib/amd64/libnet.so
7f438a276000-7f438a287000 r-xp 00000000 08:02 17960668                   /usr/lib/jvm/java-8-openjdk-amd64/jre/lib/amd64/libnio.so
7f438a287000-7f438a487000 ---p 00011000 08:02 17960668                   /usr/lib/jvm/java-8-openjdk-amd64/jre/lib/amd64/libnio.so
7f438a487000-7f438a488000 r--p 00011000 08:02 17960668                   /usr/lib/jvm/java-8-openjdk-amd64/jre/lib/amd64/libnio.so
7f438a488000-7f438a489000 rw-p 00012000 08:02 17960668                   /usr/lib/jvm/java-8-openjdk-amd64/jre/lib/amd64/libnio.so
7f438a489000-7f438a48a000 ---p 00000000 00:00 0 
7f438a48a000-7f438a58a000 rw-p 00000000 00:00 0 
7f438a58a000-7f438a58d000 ---p 00000000 00:00 0 
7f438a58d000-7f438a68b000 rw-p 00000000 00:00 0 
7f438a68b000-7f438a68e000 ---p 00000000 00:00 0 
7f438a68e000-7f438a78c000 rw-p 00000000 00:00 0 
7f438a78c000-7f438a78f000 ---p 00000000 00:00 0 
7f438a78f000-7f438a88d000 rw-p 00000000 00:00 0 
7f438a88d000-7f438a890000 ---p 00000000 00:00 0 
7f438a890000-7f438a98e000 rw-p 00000000 00:00 0 
7f438a98e000-7f438a991000 ---p 00000000 00:00 0 
7f438a991000-7f438aa8f000 rw-p 00000000 00:00 0 
7f438aa8f000-7f438afdc000 r--p 00000000 08:02 17826883                   /usr/lib/locale/locale-archive
7f438afdc000-7f438afdf000 ---p 00000000 00:00 0 
7f438afdf000-7f438b0dd000 rw-p 00000000 00:00 0 
7f438b0dd000-7f438b0e0000 ---p 00000000 00:00 0 
7f438b0e0000-7f438b1de000 rw-p 00000000 00:00 0 
7f438b1de000-7f438b1df000 ---p 00000000 00:00 0 
7f438b1df000-7f438b32d000 rw-p 00000000 00:00 0 
7f438b32d000-7f438b4fd000 r--s 03c68000 08:02 17961049                   /usr/lib/jvm/java-8-openjdk-amd64/jre/lib/rt.jar
7f438b4fd000-7f438bcfd000 rw-p 00000000 00:00 0 
7f438bcfd000-7f438bcfe000 ---p 00000000 00:00 0 
7f438bcfe000-7f438c000000 rw-p 00000000 00:00 0 
7f438c000000-7f438c175000 rw-p 00000000 00:00 0 
7f438c175000-7f4390000000 ---p 00000000 00:00 0 
7f4390000000-7f4390087000 rw-p 00000000 00:00 0 
7f4390087000-7f4394000000 ---p 00000000 00:00 0 
7f4394000000-7f439413d000 rw-p 00000000 00:00 0 
7f439413d000-7f4398000000 ---p 00000000 00:00 0 
7f4398000000-7f439806b000 rw-p 00000000 00:00 0 
7f439806b000-7f439c000000 ---p 00000000 00:00 0 
7f439c000000-7f439e1f0000 rw-p 00000000 00:00 0 
7f439e1f0000-7f439f000000 ---p 00000000 00:00 0 
7f439f000000-7f439f1f0000 rw-p 00000000 00:00 0 
7f439f1f0000-7f43a0000000 ---p 00000000 00:00 0 
7f43a0000000-7f43a007f000 rw-p 00000000 00:00 0 
7f43a007f000-7f43a4000000 ---p 00000000 00:00 0 
7f43a4000000-7f43a4021000 rw-p 00000000 00:00 0 
7f43a4021000-7f43a8000000 ---p 00000000 00:00 0 
7f43a8000000-7f43a8174000 rw-p 00000000 00:00 0 
7f43a8174000-7f43ac000000 ---p 00000000 00:00 0 
7f43ac000000-7f43ac001000 r--s 00006000 08:02 28311582                   /home/alex/.vscode/extensions/redhat.java-0.46.0/server/config_linux/org.eclipse.osgi/56/0/.cp/jars/plexus-sec-dispatcher-1.4.jar
7f43ac001000-7f43ac003000 r--s 00018000 08:02 27928039                   /home/alex/.vscode/extensions/redhat.java-0.46.0/server/plugins/org.eclipse.core.contenttype_3.7.300.v20190215-2048.jar
7f43ac003000-7f43ac006000 r--s 0002d000 08:02 27928060                   /home/alex/.vscode/extensions/redhat.java-0.46.0/server/plugins/org.eclipse.equinox.registry_3.8.400.v20190516-1504.jar
7f43ac006000-7f43ac00d000 r--s 00000000 08:02 18093204                   /usr/lib/x86_64-linux-gnu/gconv/gconv-modules.cache
7f43ac00d000-7f43ac028000 r--s 00394000 08:02 17960615                   /usr/lib/jvm/java-8-openjdk-amd64/jre/lib/ext/cldrdata.jar
7f43ac028000-7f43ac0f9000 rw-p 00000000 00:00 0 
7f43ac0f9000-7f43ac0fa000 ---p 00000000 00:00 0 
7f43ac0fa000-7f43ac1fa000 rw-p 00000000 00:00 0 
7f43ac1fa000-7f43ac1fb000 ---p 00000000 00:00 0 
7f43ac1fb000-7f43ac339000 rw-p 00000000 00:00 0 
7f43ac339000-7f43ac4fb000 ---p 00000000 00:00 0 
7f43ac4fb000-7f43ac539000 rw-p 00000000 00:00 0 
7f43ac539000-7f43ac8fb000 ---p 00000000 00:00 0 
7f43ac8fb000-7f43ac939000 rw-p 00000000 00:00 0 
7f43ac939000-7f43acafb000 ---p 00000000 00:00 0 
7f43acafb000-7f43acafc000 ---p 00000000 00:00 0 
7f43acafc000-7f43acbfc000 rw-p 00000000 00:00 0 
7f43acbfc000-7f43acbfd000 ---p 00000000 00:00 0 
7f43acbfd000-7f43accfd000 rw-p 00000000 00:00 0 
7f43accfd000-7f43accfe000 ---p 00000000 00:00 0 
7f43accfe000-7f43ad000000 rw-p 00000000 00:00 0 
7f43ad000000-7f43adba0000 rwxp 00000000 00:00 0 
7f43adba0000-7f43bc000000 ---p 00000000 00:00 0 
7f43bc000000-7f43bc45a000 rw-p 00000000 00:00 0 
7f43bc45a000-7f43c0000000 ---p 00000000 00:00 0 
7f43c0000000-7f43c0002000 r--s 00011000 08:02 27928048                   /home/alex/.vscode/extensions/redhat.java-0.46.0/server/plugins/org.eclipse.core.runtime_3.15.300.v20190508-0543.jar
7f43c0002000-7f43c0004000 r--s 0001c000 08:02 27928052                   /home/alex/.vscode/extensions/redhat.java-0.46.0/server/plugins/org.eclipse.equinox.common_3.10.400.v20190516-1504.jar
7f43c0004000-7f43c0006000 r--s 0003a000 08:02 27928091                   /home/alex/.vscode/extensions/redhat.java-0.46.0/server/plugins/org.eclipse.osgi.compatibility.state_1.1.500.v20190516-1407.jar
7f43c0006000-7f43c0008000 r--s 00016000 08:02 17961053                   /usr/lib/jvm/java-8-openjdk-amd64/jre/lib/jce.jar
7f43c0008000-7f43c000d000 r--s 000a3000 08:02 17960609                   /usr/lib/jvm/java-8-openjdk-amd64/jre/lib/jsse.jar
7f43c000d000-7f43c000e000 r--s 0000c000 08:02 27928055                   /home/alex/.vscode/extensions/redhat.java-0.46.0/server/plugins/org.eclipse.equinox.launcher_1.5.400.v20190515-0925.jar
7f43c000e000-7f43c0013000 r--s 0003d000 08:02 17960616                   /usr/lib/jvm/java-8-openjdk-amd64/jre/lib/ext/sunjce_provider.jar
7f43c0013000-7f43c0015000 r--s 00001000 08:02 17960617                   /usr/lib/jvm/java-8-openjdk-amd64/jre/lib/ext/dnsns.jar
7f43c0015000-7f43c0018000 r--s 0000f000 08:02 17960621                   /usr/lib/jvm/java-8-openjdk-amd64/jre/lib/ext/icedtea-sound.jar
7f43c0018000-7f43c0019000 ---p 00000000 00:00 0 
7f43c0019000-7f43c0119000 rw-p 00000000 00:00 0 
7f43c0119000-7f43c011a000 ---p 00000000 00:00 0 
7f43c011a000-7f43c0249000 rw-p 00000000 00:00 0 
7f43c0249000-7f43c05da000 ---p 00000000 00:00 0 
7f43c05da000-7f43c05e2000 r-xp 00000000 08:02 17960645                   /usr/lib/jvm/java-8-openjdk-amd64/jre/lib/amd64/libzip.so
7f43c05e2000-7f43c07e1000 ---p 00008000 08:02 17960645                   /usr/lib/jvm/java-8-openjdk-amd64/jre/lib/amd64/libzip.so
7f43c07e1000-7f43c07e2000 r--p 00007000 08:02 17960645                   /usr/lib/jvm/java-8-openjdk-amd64/jre/lib/amd64/libzip.so
7f43c07e2000-7f43c07e3000 rw-p 00008000 08:02 17960645                   /usr/lib/jvm/java-8-openjdk-amd64/jre/lib/amd64/libzip.so
7f43c07e3000-7f43c07ee000 r-xp 00000000 08:02 28442717                   /lib/x86_64-linux-gnu/libnss_files-2.23.so
7f43c07ee000-7f43c09ed000 ---p 0000b000 08:02 28442717                   /lib/x86_64-linux-gnu/libnss_files-2.23.so
7f43c09ed000-7f43c09ee000 r--p 0000a000 08:02 28442717                   /lib/x86_64-linux-gnu/libnss_files-2.23.so
7f43c09ee000-7f43c09ef000 rw-p 0000b000 08:02 28442717                   /lib/x86_64-linux-gnu/libnss_files-2.23.so
7f43c09ef000-7f43c09f5000 rw-p 00000000 00:00 0 
7f43c09f5000-7f43c0a00000 r-xp 00000000 08:02 28442710                   /lib/x86_64-linux-gnu/libnss_nis-2.23.so
7f43c0a00000-7f43c0bff000 ---p 0000b000 08:02 28442710                   /lib/x86_64-linux-gnu/libnss_nis-2.23.so
7f43c0bff000-7f43c0c00000 r--p 0000a000 08:02 28442710                   /lib/x86_64-linux-gnu/libnss_nis-2.23.so
7f43c0c00000-7f43c0c01000 rw-p 0000b000 08:02 28442710                   /lib/x86_64-linux-gnu/libnss_nis-2.23.so
7f43c0c01000-7f43c0c17000 r-xp 00000000 08:02 28442715                   /lib/x86_64-linux-gnu/libnsl-2.23.so
7f43c0c17000-7f43c0e16000 ---p 00016000 08:02 28442715                   /lib/x86_64-linux-gnu/libnsl-2.23.so
7f43c0e16000-7f43c0e17000 r--p 00015000 08:02 28442715                   /lib/x86_64-linux-gnu/libnsl-2.23.so
7f43c0e17000-7f43c0e18000 rw-p 00016000 08:02 28442715                   /lib/x86_64-linux-gnu/libnsl-2.23.so
7f43c0e18000-7f43c0e1a000 rw-p 00000000 00:00 0 
7f43c0e1a000-7f43c0e22000 r-xp 00000000 08:02 28447199                   /lib/x86_64-linux-gnu/libnss_compat-2.23.so
7f43c0e22000-7f43c1021000 ---p 00008000 08:02 28447199                   /lib/x86_64-linux-gnu/libnss_compat-2.23.so
7f43c1021000-7f43c1022000 r--p 00007000 08:02 28447199                   /lib/x86_64-linux-gnu/libnss_compat-2.23.so
7f43c1022000-7f43c1023000 rw-p 00008000 08:02 28447199                   /lib/x86_64-linux-gnu/libnss_compat-2.23.so
7f43c1023000-7f43c104c000 r-xp 00000000 08:02 17960661                   /usr/lib/jvm/java-8-openjdk-amd64/jre/lib/amd64/libjava.so
7f43c104c000-7f43c124c000 ---p 00029000 08:02 17960661                   /usr/lib/jvm/java-8-openjdk-amd64/jre/lib/amd64/libjava.so
7f43c124c000-7f43c124d000 r--p 00029000 08:02 17960661                   /usr/lib/jvm/java-8-openjdk-amd64/jre/lib/amd64/libjava.so
7f43c124d000-7f43c124f000 rw-p 0002a000 08:02 17960661                   /usr/lib/jvm/java-8-openjdk-amd64/jre/lib/amd64/libjava.so
7f43c124f000-7f43c125e000 r-xp 00000000 08:02 17960641                   /usr/lib/jvm/java-8-openjdk-amd64/jre/lib/amd64/libverify.so
7f43c125e000-7f43c145d000 ---p 0000f000 08:02 17960641                   /usr/lib/jvm/java-8-openjdk-amd64/jre/lib/amd64/libverify.so
7f43c145d000-7f43c145f000 r--p 0000e000 08:02 17960641                   /usr/lib/jvm/java-8-openjdk-amd64/jre/lib/amd64/libverify.so
7f43c145f000-7f43c1460000 rw-p 00010000 08:02 17960641                   /usr/lib/jvm/java-8-openjdk-amd64/jre/lib/amd64/libverify.so
7f43c1460000-7f43c1467000 r-xp 00000000 08:02 28442641                   /lib/x86_64-linux-gnu/librt-2.23.so
7f43c1467000-7f43c1666000 ---p 00007000 08:02 28442641                   /lib/x86_64-linux-gnu/librt-2.23.so
7f43c1666000-7f43c1667000 r--p 00006000 08:02 28442641                   /lib/x86_64-linux-gnu/librt-2.23.so
7f43c1667000-7f43c1668000 rw-p 00007000 08:02 28442641                   /lib/x86_64-linux-gnu/librt-2.23.so
7f43c1668000-7f43c167e000 r-xp 00000000 08:02 28447336                   /lib/x86_64-linux-gnu/libgcc_s.so.1
7f43c167e000-7f43c187d000 ---p 00016000 08:02 28447336                   /lib/x86_64-linux-gnu/libgcc_s.so.1
7f43c187d000-7f43c187e000 rw-p 00015000 08:02 28447336                   /lib/x86_64-linux-gnu/libgcc_s.so.1
7f43c187e000-7f43c1986000 r-xp 00000000 08:02 28447316                   /lib/x86_64-linux-gnu/libm-2.23.so
7f43c1986000-7f43c1b85000 ---p 00108000 08:02 28447316                   /lib/x86_64-linux-gnu/libm-2.23.so
7f43c1b85000-7f43c1b86000 r--p 00107000 08:02 28447316                   /lib/x86_64-linux-gnu/libm-2.23.so
7f43c1b86000-7f43c1b87000 rw-p 00108000 08:02 28447316                   /lib/x86_64-linux-gnu/libm-2.23.so
7f43c1b87000-7f43c1cf9000 r-xp 00000000 08:02 17827443                   /usr/lib/x86_64-linux-gnu/libstdc++.so.6.0.21
7f43c1cf9000-7f43c1ef9000 ---p 00172000 08:02 17827443                   /usr/lib/x86_64-linux-gnu/libstdc++.so.6.0.21
7f43c1ef9000-7f43c1f03000 r--p 00172000 08:02 17827443                   /usr/lib/x86_64-linux-gnu/libstdc++.so.6.0.21
7f43c1f03000-7f43c1f05000 rw-p 0017c000 08:02 17827443                   /usr/lib/x86_64-linux-gnu/libstdc++.so.6.0.21
7f43c1f05000-7f43c1f09000 rw-p 00000000 00:00 0 
7f43c1f09000-7f43c2b71000 r-xp 00000000 08:02 17960665                   /usr/lib/jvm/java-8-openjdk-amd64/jre/lib/amd64/server/libjvm.so
7f43c2b71000-7f43c2d71000 ---p 00c68000 08:02 17960665                   /usr/lib/jvm/java-8-openjdk-amd64/jre/lib/amd64/server/libjvm.so
7f43c2d71000-7f43c2e05000 r--p 00c68000 08:02 17960665                   /usr/lib/jvm/java-8-openjdk-amd64/jre/lib/amd64/server/libjvm.so
7f43c2e05000-7f43c2e2e000 rw-p 00cfc000 08:02 17960665                   /usr/lib/jvm/java-8-openjdk-amd64/jre/lib/amd64/server/libjvm.so
7f43c2e2e000-7f43c2e5e000 rw-p 00000000 00:00 0 
7f43c2e5e000-7f43c2e76000 r-xp 00000000 08:02 28442707                   /lib/x86_64-linux-gnu/libpthread-2.23.so
7f43c2e76000-7f43c3075000 ---p 00018000 08:02 28442707                   /lib/x86_64-linux-gnu/libpthread-2.23.so
7f43c3075000-7f43c3076000 r--p 00017000 08:02 28442707                   /lib/x86_64-linux-gnu/libpthread-2.23.so
7f43c3076000-7f43c3077000 rw-p 00018000 08:02 28442707                   /lib/x86_64-linux-gnu/libpthread-2.23.so
7f43c3077000-7f43c307b000 rw-p 00000000 00:00 0 
7f43c307b000-7f43c307e000 r-xp 00000000 08:02 28442705                   /lib/x86_64-linux-gnu/libdl-2.23.so
7f43c307e000-7f43c327d000 ---p 00003000 08:02 28442705                   /lib/x86_64-linux-gnu/libdl-2.23.so
7f43c327d000-7f43c327e000 r--p 00002000 08:02 28442705                   /lib/x86_64-linux-gnu/libdl-2.23.so
7f43c327e000-7f43c327f000 rw-p 00003000 08:02 28442705                   /lib/x86_64-linux-gnu/libdl-2.23.so
7f43c327f000-7f43c3298000 r-xp 00000000 08:02 28448098                   /lib/x86_64-linux-gnu/libz.so.1.2.8
7f43c3298000-7f43c3497000 ---p 00019000 08:02 28448098                   /lib/x86_64-linux-gnu/libz.so.1.2.8
7f43c3497000-7f43c3498000 r--p 00018000 08:02 28448098                   /lib/x86_64-linux-gnu/libz.so.1.2.8
7f43c3498000-7f43c3499000 rw-p 00019000 08:02 28448098                   /lib/x86_64-linux-gnu/libz.so.1.2.8
7f43c3499000-7f43c3659000 r-xp 00000000 08:02 28442720                   /lib/x86_64-linux-gnu/libc-2.23.so
7f43c3659000-7f43c3859000 ---p 001c0000 08:02 28442720                   /lib/x86_64-linux-gnu/libc-2.23.so
7f43c3859000-7f43c385d000 r--p 001c0000 08:02 28442720                   /lib/x86_64-linux-gnu/libc-2.23.so
7f43c385d000-7f43c385f000 rw-p 001c4000 08:02 28442720                   /lib/x86_64-linux-gnu/libc-2.23.so
7f43c385f000-7f43c3863000 rw-p 00000000 00:00 0 
7f43c3863000-7f43c3870000 r-xp 00000000 08:02 17960649                   /usr/lib/jvm/java-8-openjdk-amd64/jre/lib/amd64/jli/libjli.so
7f43c3870000-7f43c3a70000 ---p 0000d000 08:02 17960649                   /usr/lib/jvm/java-8-openjdk-amd64/jre/lib/amd64/jli/libjli.so
7f43c3a70000-7f43c3a71000 r--p 0000d000 08:02 17960649                   /usr/lib/jvm/java-8-openjdk-amd64/jre/lib/amd64/jli/libjli.so
7f43c3a71000-7f43c3a72000 rw-p 0000e000 08:02 17960649                   /usr/lib/jvm/java-8-openjdk-amd64/jre/lib/amd64/jli/libjli.so
7f43c3a72000-7f43c3a98000 r-xp 00000000 08:02 28442706                   /lib/x86_64-linux-gnu/ld-2.23.so
7f43c3a98000-7f43c3a99000 r--s 0000a000 08:02 17960620                   /usr/lib/jvm/java-8-openjdk-amd64/jre/lib/ext/jaccess.jar
7f43c3a99000-7f43c3a9d000 r--s 0003a000 08:02 17960613                   /usr/lib/jvm/java-8-openjdk-amd64/jre/lib/ext/sunpkcs11.jar
7f43c3a9d000-7f43c3ab8000 r--s 001d6000 08:02 17960612                   /usr/lib/jvm/java-8-openjdk-amd64/jre/lib/ext/nashorn.jar
7f43c3ab8000-7f43c3b7b000 rw-p 00000000 00:00 0 
7f43c3b7b000-7f43c3b7e000 ---p 00000000 00:00 0 
7f43c3b7e000-7f43c3c80000 rw-p 00000000 00:00 0 
7f43c3c80000-7f43c3c81000 r--s 0000d000 08:02 17960619                   /usr/lib/jvm/java-8-openjdk-amd64/jre/lib/ext/sunec.jar
7f43c3c81000-7f43c3c82000 r--s 00010000 08:02 17960618                   /usr/lib/jvm/java-8-openjdk-amd64/jre/lib/ext/zipfs.jar
7f43c3c82000-7f43c3c8c000 r--s 00116000 08:02 17960614                   /usr/lib/jvm/java-8-openjdk-amd64/jre/lib/ext/localedata.jar
7f43c3c8c000-7f43c3c94000 rw-s 00000000 08:02 17302029                   /tmp/hsperfdata_alex/8516
7f43c3c94000-7f43c3c95000 rw-p 00000000 00:00 0 
7f43c3c95000-7f43c3c96000 ---p 00000000 00:00 0 
7f43c3c96000-7f43c3c97000 rw-p 00000000 00:00 0 
7f43c3c97000-7f43c3c98000 r--p 00025000 08:02 28442706                   /lib/x86_64-linux-gnu/ld-2.23.so
7f43c3c98000-7f43c3c99000 rw-p 00026000 08:02 28442706                   /lib/x86_64-linux-gnu/ld-2.23.so
7f43c3c99000-7f43c3c9a000 rw-p 00000000 00:00 0 
7ffd13909000-7ffd1392a000 rw-p 00000000 00:00 0                          [stack]
7ffd13945000-7ffd13948000 r--p 00000000 00:00 0                          [vvar]
7ffd13948000-7ffd1394a000 r-xp 00000000 00:00 0                          [vdso]
ffffffffff600000-ffffffffff601000 r-xp 00000000 00:00 0                  [vsyscall]

VM Arguments:
jvm_args: -Declipse.application=org.eclipse.jdt.ls.core.id1 -Dosgi.bundles.defaultStartLevel=4 -Declipse.product=org.eclipse.jdt.ls.core.product -Dfile.encoding=utf8 -Xverify:none -Xmx1G -XX:+UseG1GC -XX:+UseStringDeduplication 
java_command: /home/alex/.vscode/extensions/redhat.java-0.46.0/server/plugins/org.eclipse.equinox.launcher_1.5.400.v20190515-0925.jar -configuration /home/alex/.vscode/extensions/redhat.java-0.46.0/server/config_linux -data /home/alex/.config/Code/User/workspaceStorage/7e13eea4a2322100beddff1d36ccfbfc/redhat.java/jdt_ws
java_class_path (initial): /home/alex/.vscode/extensions/redhat.java-0.46.0/server/plugins/org.eclipse.equinox.launcher_1.5.400.v20190515-0925.jar
Launcher Type: SUN_STANDARD

Environment Variables:
PATH=/home/alex/bin:/home/alex/.local/bin:/usr/local/sbin:/usr/local/bin:/usr/sbin:/usr/bin:/sbin:/bin:/usr/games:/usr/local/games:/snap/bin
USERNAME=alex
SHELL=/bin/bash
DISPLAY=:0

Signal Handlers:
SIGSEGV: [libjvm.so+0xa7b8f0], sa_mask[0]=11111111011111111101111111111110, sa_flags=SA_RESTART|SA_SIGINFO
SIGBUS: [libjvm.so+0xa7b8f0], sa_mask[0]=11111111011111111101111111111110, sa_flags=SA_RESTART|SA_SIGINFO
SIGFPE: [libjvm.so+0x8c3a90], sa_mask[0]=11111111011111111101111111111110, sa_flags=SA_RESTART|SA_SIGINFO
SIGPIPE: [libjvm.so+0x8c3a90], sa_mask[0]=11111111011111111101111111111110, sa_flags=SA_RESTART|SA_SIGINFO
SIGXFSZ: [libjvm.so+0x8c3a90], sa_mask[0]=11111111011111111101111111111110, sa_flags=SA_RESTART|SA_SIGINFO
SIGILL: [libjvm.so+0x8c3a90], sa_mask[0]=11111111011111111101111111111110, sa_flags=SA_RESTART|SA_SIGINFO
SIGUSR1: SIG_DFL, sa_mask[0]=00000000000000000000000000000000, sa_flags=none
SIGUSR2: [libjvm.so+0x8c3940], sa_mask[0]=00000000000000000000000000000000, sa_flags=SA_RESTART|SA_SIGINFO
SIGHUP: [libjvm.so+0x8c3fd0], sa_mask[0]=11111111011111111101111111111110, sa_flags=SA_RESTART|SA_SIGINFO
SIGINT: [libjvm.so+0x8c3fd0], sa_mask[0]=11111111011111111101111111111110, sa_flags=SA_RESTART|SA_SIGINFO
SIGTERM: [libjvm.so+0x8c3fd0], sa_mask[0]=11111111011111111101111111111110, sa_flags=SA_RESTART|SA_SIGINFO
SIGQUIT: [libjvm.so+0x8c3fd0], sa_mask[0]=11111111011111111101111111111110, sa_flags=SA_RESTART|SA_SIGINFO


---------------  S Y S T E M  ---------------

OS:DISTRIB_ID=Ubuntu
DISTRIB_RELEASE=16.04
DISTRIB_CODENAME=xenial
DISTRIB_DESCRIPTION="Ubuntu 16.04.6 LTS"

uname:Linux 4.15.0-91-generic #92~16.04.1-Ubuntu SMP Fri Feb 28 14:57:22 UTC 2020 x86_64
libc:glibc 2.23 NPTL 2.23 
rlimit: STACK 8192k, CORE 0k, NPROC 14997, NOFILE 1048576, AS infinity
load average:57,64 16,16 5,71

/proc/meminfo:
MemTotal:        3935168 kB
MemFree:           99776 kB
MemAvailable:          0 kB
Buffers:            1740 kB
Cached:           242324 kB
SwapCached:         2372 kB
Active:          3033192 kB
Inactive:         617724 kB
Active(anon):    3029252 kB
Inactive(anon):   605952 kB
Active(file):       3940 kB
Inactive(file):    11772 kB
Unevictable:          32 kB
Mlocked:              32 kB
SwapTotal:        999420 kB
SwapFree:              0 kB
Dirty:                24 kB
Writeback:            96 kB
AnonPages:       3404760 kB
Mapped:            29388 kB
Shmem:            228272 kB
Slab:              68324 kB
SReclaimable:      29484 kB
SUnreclaim:        38840 kB
KernelStack:       12336 kB
PageTables:        50708 kB
NFS_Unstable:          0 kB
Bounce:                0 kB
WritebackTmp:          0 kB
CommitLimit:     2967004 kB
Committed_AS:   10014804 kB
VmallocTotal:   34359738367 kB
VmallocUsed:           0 kB
VmallocChunk:          0 kB
HardwareCorrupted:     0 kB
AnonHugePages:         0 kB
ShmemHugePages:        0 kB
ShmemPmdMapped:        0 kB
CmaTotal:              0 kB
CmaFree:               0 kB
HugePages_Total:       0
HugePages_Free:        0
HugePages_Rsvd:        0
HugePages_Surp:        0
Hugepagesize:       2048 kB
DirectMap4k:      166656 kB
DirectMap2M:     3923968 kB

container (cgroup) information:
container_type: cgroupv1
cpu_cpuset_cpus: 0-1
cpu_memory_nodes: 0
active_processor_count: 2
cpu_quota: -1
cpu_period: 100000
cpu_shares: -1
memory_limit_in_bytes: -1
memory_and_swap_limit_in_bytes: -2
memory_soft_limit_in_bytes: -1
memory_usage_in_bytes: 3743186944
memory_max_usage_in_bytes: 0


CPU:total 2 (initial active 2) (2 cores per cpu, 1 threads per core) family 6 model 76 stepping 4, cmov, cx8, fxsr, mmx, sse, sse2, sse3, ssse3, sse4.1, sse4.2, popcnt, aes, clmul, erms, 3dnowpref, tsc, tscinvbit

/proc/cpuinfo:
processor	: 0
vendor_id	: GenuineIntel
cpu family	: 6
model		: 76
model name	: Intel(R) Celeron(R) CPU  N3060  @ 1.60GHz
stepping	: 4
microcode	: 0x411
cpu MHz		: 2210.236
cache size	: 1024 KB
physical id	: 0
siblings	: 2
core id		: 0
cpu cores	: 2
apicid		: 0
initial apicid	: 0
fpu		: yes
fpu_exception	: yes
cpuid level	: 11
wp		: yes
flags		: fpu vme de pse tsc msr pae mce cx8 apic sep mtrr pge mca cmov pat pse36 clflush dts acpi mmx fxsr sse sse2 ss ht tm pbe syscall nx rdtscp lm constant_tsc arch_perfmon pebs bts rep_good nopl xtopology tsc_reliable nonstop_tsc cpuid aperfmperf tsc_known_freq pni pclmulqdq dtes64 monitor ds_cpl vmx est tm2 ssse3 cx16 xtpr pdcm sse4_1 sse4_2 movbe popcnt tsc_deadline_timer aes rdrand lahf_lm 3dnowprefetch epb pti ibrs ibpb stibp tpr_shadow vnmi flexpriority ept vpid tsc_adjust smep erms dtherm ida arat md_clear
bugs		: cpu_meltdown spectre_v1 spectre_v2 mds msbds_only
bogomips	: 3200.00
clflush size	: 64
cache_alignment	: 64
address sizes	: 36 bits physical, 48 bits virtual
power management:

processor	: 1
vendor_id	: GenuineIntel
cpu family	: 6
model		: 76
model name	: Intel(R) Celeron(R) CPU  N3060  @ 1.60GHz
stepping	: 4
microcode	: 0x411
cpu MHz		: 2413.060
cache size	: 1024 KB
physical id	: 0
siblings	: 2
core id		: 2
cpu cores	: 2
apicid		: 4
initial apicid	: 4
fpu		: yes
fpu_exception	: yes
cpuid level	: 11
wp		: yes
flags		: fpu vme de pse tsc msr pae mce cx8 apic sep mtrr pge mca cmov pat pse36 clflush dts acpi mmx fxsr sse sse2 ss ht tm pbe syscall nx rdtscp lm constant_tsc arch_perfmon pebs bts rep_good nopl xtopology tsc_reliable nonstop_tsc cpuid aperfmperf tsc_known_freq pni pclmulqdq dtes64 monitor ds_cpl vmx est tm2 ssse3 cx16 xtpr pdcm sse4_1 sse4_2 movbe popcnt tsc_deadline_timer aes rdrand lahf_lm 3dnowprefetch epb pti ibrs ibpb stibp tpr_shadow vnmi flexpriority ept vpid tsc_adjust smep erms dtherm ida arat md_clear
bugs		: cpu_meltdown spectre_v1 spectre_v2 mds msbds_only
bogomips	: 3200.00
clflush size	: 64
cache_alignment	: 64
address sizes	: 36 bits physical, 48 bits virtual
power management:



Memory: 4k page, physical 3935168k(94972k free), swap 999420k(4k free)

vm_info: OpenJDK 64-Bit Server VM (25.242-b08) for linux-amd64 JRE (1.8.0_242-8u242-b08-0ubuntu3~16.04-b08), built on Jan 18 2020 03:34:56 by "buildd" with gcc 5.4.0 20160609

time: Fri Mar 27 12:35:26 2020
timezone: -03
elapsed time: 164 seconds (0d 0h 2m 44s)

